{"/Volumes/workplace/src/srp/web-frontend/src/components/auth/ProtectedRoute.tsx": {"path":"/Volumes/workplace/src/srp/web-frontend/src/components/auth/ProtectedRoute.tsx","statementMap":{"0":{"start":{"line":12,"column":32},"end":{"line":12,"column":null}},"1":{"start":{"line":14,"column":2},"end":{"line":16,"column":null}},"2":{"start":{"line":15,"column":4},"end":{"line":15,"column":null}},"3":{"start":{"line":18,"column":2},"end":{"line":22,"column":null}},"4":{"start":{"line":21,"column":4},"end":{"line":21,"column":null}},"5":{"start":{"line":24,"column":2},"end":{"line":24,"column":null}}},"fnMap":{"0":{"name":"ProtectedRoute","decl":{"start":{"line":11,"column":16},"end":{"line":11,"column":31}},"loc":{"start":{"line":11,"column":80},"end":{"line":25,"column":null}},"line":11}},"branchMap":{"0":{"loc":{"start":{"line":14,"column":2},"end":{"line":16,"column":null}},"type":"if","locations":[{"start":{"line":14,"column":2},"end":{"line":16,"column":null}},{"start":{},"end":{}}],"line":14},"1":{"loc":{"start":{"line":18,"column":2},"end":{"line":22,"column":null}},"type":"if","locations":[{"start":{"line":18,"column":2},"end":{"line":22,"column":null}},{"start":{},"end":{}}],"line":18},"2":{"loc":{"start":{"line":18,"column":6},"end":{"line":18,"column":51}},"type":"binary-expr","locations":[{"start":{"line":18,"column":6},"end":{"line":18,"column":22}},{"start":{"line":18,"column":22},"end":{"line":18,"column":51}}],"line":18}},"s":{"0":4,"1":4,"2":1,"3":3,"4":1,"5":2},"f":{"0":4},"b":{"0":[1,3],"1":[1,2],"2":[3,2]},"meta":{"lastBranch":3,"lastFunction":1,"lastStatement":6,"seen":{"f:11:16:11:31":0,"s:12:32:12:Infinity":0,"b:14:2:16:Infinity:undefined:undefined:undefined:undefined":0,"s:14:2:16:Infinity":1,"s:15:4:15:Infinity":2,"b:18:2:22:Infinity:undefined:undefined:undefined:undefined":1,"s:18:2:22:Infinity":3,"b:18:6:18:22:18:22:18:51":2,"s:21:4:21:Infinity":4,"s:24:2:24:Infinity":5}}}
,"/Volumes/workplace/src/srp/web-frontend/src/components/common/LoadingSpinner.tsx": {"path":"/Volumes/workplace/src/srp/web-frontend/src/components/common/LoadingSpinner.tsx","statementMap":{"0":{"start":{"line":10,"column":2},"end":{"line":18,"column":null}}},"fnMap":{"0":{"name":"LoadingSpinner","decl":{"start":{"line":9,"column":16},"end":{"line":9,"column":31}},"loc":{"start":{"line":9,"column":93},"end":{"line":20,"column":null}},"line":9}},"branchMap":{"0":{"loc":{"start":{"line":9,"column":33},"end":{"line":9,"column":49}},"type":"default-arg","locations":[{"start":{"line":9,"column":40},"end":{"line":9,"column":49}}],"line":9},"1":{"loc":{"start":{"line":9,"column":49},"end":{"line":9,"column":69}},"type":"default-arg","locations":[{"start":{"line":9,"column":56},"end":{"line":9,"column":69}}],"line":9},"2":{"loc":{"start":{"line":13,"column":7},"end":{"line":16,"column":null}},"type":"binary-expr","locations":[{"start":{"line":13,"column":7},"end":{"line":13,"column":null}},{"start":{"line":14,"column":8},"end":{"line":16,"column":null}}],"line":13}},"s":{"0":6},"f":{"0":6},"b":{"0":[6],"1":[6],"2":[6,5]},"meta":{"lastBranch":3,"lastFunction":1,"lastStatement":1,"seen":{"f:9:16:9:31":0,"b:9:40:9:49":0,"b:9:56:9:69":1,"s:10:2:18:Infinity":0,"b:13:7:13:Infinity:14:8:16:Infinity":2}}}
,"/Volumes/workplace/src/srp/web-frontend/src/components/common/ProgressIndicator.tsx": {"path":"/Volumes/workplace/src/srp/web-frontend/src/components/common/ProgressIndicator.tsx","statementMap":{"0":{"start":{"line":11,"column":2},"end":{"line":19,"column":null}}},"fnMap":{"0":{"name":"ProgressIndicator","decl":{"start":{"line":10,"column":16},"end":{"line":10,"column":34}},"loc":{"start":{"line":10,"column":89},"end":{"line":21,"column":null}},"line":10}},"branchMap":{},"s":{"0":6},"f":{"0":6},"b":{},"meta":{"lastBranch":0,"lastFunction":1,"lastStatement":1,"seen":{"f:10:16:10:34":0,"s:11:2:19:Infinity":0}}}
,"/Volumes/workplace/src/srp/web-frontend/src/components/common/TableSkeleton.tsx": {"path":"/Volumes/workplace/src/srp/web-frontend/src/components/common/TableSkeleton.tsx","statementMap":{"0":{"start":{"line":9,"column":2},"end":{"line":35,"column":null}},"1":{"start":{"line":12,"column":8},"end":{"line":27,"column":null}},"2":{"start":{"line":15,"column":14},"end":{"line":24,"column":null}}},"fnMap":{"0":{"name":"TableSkeleton","decl":{"start":{"line":8,"column":16},"end":{"line":8,"column":30}},"loc":{"start":{"line":8,"column":77},"end":{"line":37,"column":null}},"line":8},"1":{"name":"(anonymous_1)","decl":{"start":{"line":11,"column":40},"end":{"line":11,"column":41}},"loc":{"start":{"line":12,"column":8},"end":{"line":27,"column":null}},"line":12},"2":{"name":"(anonymous_2)","decl":{"start":{"line":14,"column":49},"end":{"line":14,"column":50}},"loc":{"start":{"line":15,"column":14},"end":{"line":24,"column":null}},"line":15}},"branchMap":{"0":{"loc":{"start":{"line":8,"column":32},"end":{"line":8,"column":42}},"type":"default-arg","locations":[{"start":{"line":8,"column":39},"end":{"line":8,"column":42}}],"line":8},"1":{"loc":{"start":{"line":8,"column":42},"end":{"line":8,"column":54}},"type":"default-arg","locations":[{"start":{"line":8,"column":52},"end":{"line":8,"column":54}}],"line":8}},"s":{"0":4,"1":14,"2":58},"f":{"0":4,"1":14,"2":58},"b":{"0":[4],"1":[4]},"meta":{"lastBranch":2,"lastFunction":3,"lastStatement":3,"seen":{"f:8:16:8:30":0,"b:8:39:8:42":0,"b:8:52:8:54":1,"s:9:2:35:Infinity":0,"f:11:40:11:41":1,"s:12:8:27:Infinity":1,"f:14:49:14:50":2,"s:15:14:24:Infinity":2}}}
,"/Volumes/workplace/src/srp/web-frontend/src/contexts/AuthContext.tsx": {"path":"/Volumes/workplace/src/srp/web-frontend/src/contexts/AuthContext.tsx","statementMap":{"0":{"start":{"line":15,"column":13},"end":{"line":15,"column":null}},"1":{"start":{"line":22,"column":22},"end":{"line":22,"column":null}},"2":{"start":{"line":23,"column":26},"end":{"line":23,"column":null}},"3":{"start":{"line":24,"column":32},"end":{"line":24,"column":null}},"4":{"start":{"line":26,"column":2},"end":{"line":55,"column":null}},"5":{"start":{"line":28,"column":25},"end":{"line":28,"column":null}},"6":{"start":{"line":29,"column":23},"end":{"line":29,"column":null}},"7":{"start":{"line":31,"column":4},"end":{"line":54,"column":null}},"8":{"start":{"line":33,"column":6},"end":{"line":51,"column":null}},"9":{"start":{"line":35,"column":8},"end":{"line":46,"column":null}},"10":{"start":{"line":37,"column":12},"end":{"line":37,"column":null}},"11":{"start":{"line":38,"column":12},"end":{"line":38,"column":null}},"12":{"start":{"line":42,"column":12},"end":{"line":42,"column":null}},"13":{"start":{"line":45,"column":12},"end":{"line":45,"column":null}},"14":{"start":{"line":48,"column":8},"end":{"line":48,"column":null}},"15":{"start":{"line":49,"column":8},"end":{"line":49,"column":null}},"16":{"start":{"line":50,"column":8},"end":{"line":50,"column":null}},"17":{"start":{"line":53,"column":6},"end":{"line":53,"column":null}},"18":{"start":{"line":57,"column":16},"end":{"line":64,"column":null}},"19":{"start":{"line":58,"column":55},"end":{"line":61,"column":null}},"20":{"start":{"line":62,"column":4},"end":{"line":62,"column":null}},"21":{"start":{"line":63,"column":4},"end":{"line":63,"column":null}},"22":{"start":{"line":66,"column":17},"end":{"line":70,"column":null}},"23":{"start":{"line":67,"column":4},"end":{"line":67,"column":null}},"24":{"start":{"line":68,"column":4},"end":{"line":68,"column":null}},"25":{"start":{"line":69,"column":4},"end":{"line":69,"column":null}},"26":{"start":{"line":72,"column":23},"end":{"line":75,"column":null}},"27":{"start":{"line":73,"column":22},"end":{"line":73,"column":null}},"28":{"start":{"line":74,"column":4},"end":{"line":74,"column":null}},"29":{"start":{"line":77,"column":16},"end":{"line":84,"column":null}},"30":{"start":{"line":87,"column":2},"end":{"line":89,"column":null}},"31":{"start":{"line":88,"column":4},"end":{"line":88,"column":null}},"32":{"start":{"line":91,"column":2},"end":{"line":91,"column":null}}},"fnMap":{"0":{"name":"AuthProvider","decl":{"start":{"line":21,"column":16},"end":{"line":21,"column":29}},"loc":{"start":{"line":21,"column":62},"end":{"line":92,"column":null}},"line":21},"1":{"name":"(anonymous_1)","decl":{"start":{"line":26,"column":12},"end":{"line":26,"column":18}},"loc":{"start":{"line":26,"column":18},"end":{"line":55,"column":5}},"line":26},"2":{"name":"(anonymous_2)","decl":{"start":{"line":36,"column":16},"end":{"line":36,"column":17}},"loc":{"start":{"line":36,"column":31},"end":{"line":39,"column":11}},"line":36},"3":{"name":"(anonymous_3)","decl":{"start":{"line":40,"column":17},"end":{"line":40,"column":23}},"loc":{"start":{"line":40,"column":23},"end":{"line":43,"column":11}},"line":40},"4":{"name":"(anonymous_4)","decl":{"start":{"line":44,"column":19},"end":{"line":44,"column":25}},"loc":{"start":{"line":44,"column":25},"end":{"line":46,"column":11}},"line":44},"5":{"name":"(anonymous_5)","decl":{"start":{"line":57,"column":16},"end":{"line":57,"column":23}},"loc":{"start":{"line":57,"column":59},"end":{"line":64,"column":null}},"line":57},"6":{"name":"(anonymous_6)","decl":{"start":{"line":66,"column":17},"end":{"line":66,"column":23}},"loc":{"start":{"line":66,"column":23},"end":{"line":70,"column":null}},"line":66},"7":{"name":"(anonymous_7)","decl":{"start":{"line":72,"column":23},"end":{"line":72,"column":35}},"loc":{"start":{"line":72,"column":35},"end":{"line":75,"column":null}},"line":72}},"branchMap":{"0":{"loc":{"start":{"line":31,"column":4},"end":{"line":54,"column":null}},"type":"if","locations":[{"start":{"line":31,"column":4},"end":{"line":54,"column":null}},{"start":{"line":52,"column":11},"end":{"line":54,"column":null}}],"line":31},"1":{"loc":{"start":{"line":31,"column":8},"end":{"line":31,"column":36}},"type":"binary-expr","locations":[{"start":{"line":31,"column":8},"end":{"line":31,"column":24}},{"start":{"line":31,"column":24},"end":{"line":31,"column":36}}],"line":31},"2":{"loc":{"start":{"line":33,"column":6},"end":{"line":51,"column":null}},"type":"if","locations":[{"start":{"line":33,"column":6},"end":{"line":51,"column":null}},{"start":{"line":47,"column":13},"end":{"line":51,"column":null}}],"line":33},"3":{"loc":{"start":{"line":80,"column":21},"end":{"line":80,"column":null}},"type":"binary-expr","locations":[{"start":{"line":80,"column":21},"end":{"line":80,"column":33}},{"start":{"line":80,"column":33},"end":{"line":80,"column":null}}],"line":80},"4":{"loc":{"start":{"line":87,"column":2},"end":{"line":89,"column":null}},"type":"if","locations":[{"start":{"line":87,"column":2},"end":{"line":89,"column":null}},{"start":{},"end":{}}],"line":87}},"s":{"0":4,"1":8,"2":8,"3":8,"4":8,"5":4,"6":4,"7":4,"8":3,"9":2,"10":1,"11":1,"12":1,"13":2,"14":1,"15":1,"16":1,"17":1,"18":8,"19":0,"20":0,"21":0,"22":8,"23":0,"24":0,"25":0,"26":8,"27":0,"28":0,"29":8,"30":8,"31":4,"32":4},"f":{"0":8,"1":4,"2":1,"3":1,"4":2,"5":0,"6":0,"7":0},"b":{"0":[3,1],"1":[4,3],"2":[2,1],"3":[8,2],"4":[4,4]},"meta":{"lastBranch":5,"lastFunction":8,"lastStatement":33,"seen":{"s:15:13:15:Infinity":0,"f:21:16:21:29":0,"s:22:22:22:Infinity":1,"s:23:26:23:Infinity":2,"s:24:32:24:Infinity":3,"s:26:2:55:Infinity":4,"f:26:12:26:18":1,"s:28:25:28:Infinity":5,"s:29:23:29:Infinity":6,"b:31:4:54:Infinity:52:11:54:Infinity":0,"s:31:4:54:Infinity":7,"b:31:8:31:24:31:24:31:36":1,"b:33:6:51:Infinity:47:13:51:Infinity":2,"s:33:6:51:Infinity":8,"s:35:8:46:Infinity":9,"f:36:16:36:17":2,"s:37:12:37:Infinity":10,"s:38:12:38:Infinity":11,"f:40:17:40:23":3,"s:42:12:42:Infinity":12,"f:44:19:44:25":4,"s:45:12:45:Infinity":13,"s:48:8:48:Infinity":14,"s:49:8:49:Infinity":15,"s:50:8:50:Infinity":16,"s:53:6:53:Infinity":17,"s:57:16:64:Infinity":18,"f:57:16:57:23":5,"s:58:55:61:Infinity":19,"s:62:4:62:Infinity":20,"s:63:4:63:Infinity":21,"s:66:17:70:Infinity":22,"f:66:17:66:23":6,"s:67:4:67:Infinity":23,"s:68:4:68:Infinity":24,"s:69:4:69:Infinity":25,"s:72:23:75:Infinity":26,"f:72:23:72:35":7,"s:73:22:73:Infinity":27,"s:74:4:74:Infinity":28,"s:77:16:84:Infinity":29,"b:80:21:80:33:80:33:80:Infinity":3,"b:87:2:89:Infinity:undefined:undefined:undefined:undefined":4,"s:87:2:89:Infinity":30,"s:88:4:88:Infinity":31,"s:91:2:91:Infinity":32}}}
,"/Volumes/workplace/src/srp/web-frontend/src/contexts/NotificationContext.tsx": {"path":"/Volumes/workplace/src/srp/web-frontend/src/contexts/NotificationContext.tsx","statementMap":{"0":{"start":{"line":23,"column":13},"end":{"line":23,"column":null}},"1":{"start":{"line":30,"column":40},"end":{"line":30,"column":null}},"2":{"start":{"line":32,"column":8},"end":{"line":54,"column":null}},"3":{"start":{"line":37,"column":15},"end":{"line":37,"column":null}},"4":{"start":{"line":38,"column":39},"end":{"line":44,"column":null}},"5":{"start":{"line":46,"column":4},"end":{"line":46,"column":null}},"6":{"start":{"line":46,"column":31},"end":{"line":46,"column":54}},"7":{"start":{"line":49,"column":4},"end":{"line":53,"column":null}},"8":{"start":{"line":50,"column":6},"end":{"line":52,"column":null}},"9":{"start":{"line":51,"column":8},"end":{"line":51,"column":null}},"10":{"start":{"line":51,"column":35},"end":{"line":51,"column":66}},"11":{"start":{"line":51,"column":54},"end":{"line":51,"column":65}},"12":{"start":{"line":56,"column":8},"end":{"line":58,"column":null}},"13":{"start":{"line":57,"column":4},"end":{"line":57,"column":null}},"14":{"start":{"line":60,"column":8},"end":{"line":62,"column":null}},"15":{"start":{"line":61,"column":4},"end":{"line":61,"column":null}},"16":{"start":{"line":64,"column":8},"end":{"line":66,"column":null}},"17":{"start":{"line":65,"column":4},"end":{"line":65,"column":null}},"18":{"start":{"line":68,"column":8},"end":{"line":70,"column":null}},"19":{"start":{"line":69,"column":4},"end":{"line":69,"column":null}},"20":{"start":{"line":72,"column":24},"end":{"line":74,"column":null}},"21":{"start":{"line":73,"column":4},"end":{"line":73,"column":null}},"22":{"start":{"line":73,"column":31},"end":{"line":73,"column":62}},"23":{"start":{"line":73,"column":50},"end":{"line":73,"column":61}},"24":{"start":{"line":76,"column":59},"end":{"line":83,"column":null}},"25":{"start":{"line":76,"column":96},"end":{"line":83,"column":4}},"26":{"start":{"line":81,"column":21},"end":{"line":81,"column":null}},"27":{"start":{"line":85,"column":16},"end":{"line":91,"column":null}},"28":{"start":{"line":93,"column":2},"end":{"line":99,"column":null}}},"fnMap":{"0":{"name":"NotificationProvider","decl":{"start":{"line":29,"column":16},"end":{"line":29,"column":37}},"loc":{"start":{"line":29,"column":78},"end":{"line":101,"column":null}},"line":29},"1":{"name":"(anonymous_1)","decl":{"start":{"line":32,"column":39},"end":{"line":32,"column":null}},"loc":{"start":{"line":36,"column":7},"end":{"line":54,"column":5}},"line":36},"2":{"name":"(anonymous_2)","decl":{"start":{"line":46,"column":21},"end":{"line":46,"column":22}},"loc":{"start":{"line":46,"column":31},"end":{"line":46,"column":54}},"line":46},"3":{"name":"(anonymous_3)","decl":{"start":{"line":50,"column":17},"end":{"line":50,"column":23}},"loc":{"start":{"line":50,"column":23},"end":{"line":52,"column":9}},"line":50},"4":{"name":"(anonymous_4)","decl":{"start":{"line":51,"column":25},"end":{"line":51,"column":26}},"loc":{"start":{"line":51,"column":35},"end":{"line":51,"column":66}},"line":51},"5":{"name":"(anonymous_5)","decl":{"start":{"line":51,"column":47},"end":{"line":51,"column":48}},"loc":{"start":{"line":51,"column":54},"end":{"line":51,"column":65}},"line":51},"6":{"name":"(anonymous_6)","decl":{"start":{"line":56,"column":34},"end":{"line":56,"column":35}},"loc":{"start":{"line":56,"column":72},"end":{"line":58,"column":5}},"line":56},"7":{"name":"(anonymous_7)","decl":{"start":{"line":60,"column":32},"end":{"line":60,"column":33}},"loc":{"start":{"line":60,"column":70},"end":{"line":62,"column":5}},"line":60},"8":{"name":"(anonymous_8)","decl":{"start":{"line":64,"column":34},"end":{"line":64,"column":35}},"loc":{"start":{"line":64,"column":72},"end":{"line":66,"column":5}},"line":64},"9":{"name":"(anonymous_9)","decl":{"start":{"line":68,"column":31},"end":{"line":68,"column":32}},"loc":{"start":{"line":68,"column":69},"end":{"line":70,"column":5}},"line":68},"10":{"name":"(anonymous_10)","decl":{"start":{"line":72,"column":24},"end":{"line":72,"column":25}},"loc":{"start":{"line":72,"column":40},"end":{"line":74,"column":null}},"line":72},"11":{"name":"(anonymous_11)","decl":{"start":{"line":73,"column":21},"end":{"line":73,"column":22}},"loc":{"start":{"line":73,"column":31},"end":{"line":73,"column":62}},"line":73},"12":{"name":"(anonymous_12)","decl":{"start":{"line":73,"column":43},"end":{"line":73,"column":44}},"loc":{"start":{"line":73,"column":50},"end":{"line":73,"column":61}},"line":73},"13":{"name":"(anonymous_13)","decl":{"start":{"line":76,"column":77},"end":{"line":76,"column":78}},"loc":{"start":{"line":76,"column":96},"end":{"line":83,"column":4}},"line":76},"14":{"name":"(anonymous_14)","decl":{"start":{"line":81,"column":15},"end":{"line":81,"column":21}},"loc":{"start":{"line":81,"column":21},"end":{"line":81,"column":null}},"line":81}},"branchMap":{"0":{"loc":{"start":{"line":49,"column":4},"end":{"line":53,"column":null}},"type":"if","locations":[{"start":{"line":49,"column":4},"end":{"line":53,"column":null}},{"start":{},"end":{}}],"line":49}},"s":{"0":2,"1":16,"2":16,"3":9,"4":9,"5":9,"6":9,"7":9,"8":7,"9":1,"10":1,"11":1,"12":16,"13":3,"14":16,"15":2,"16":16,"17":2,"18":16,"19":2,"20":16,"21":0,"22":0,"23":0,"24":16,"25":9,"26":0,"27":16,"28":16},"f":{"0":16,"1":9,"2":9,"3":1,"4":1,"5":1,"6":3,"7":2,"8":2,"9":2,"10":0,"11":0,"12":0,"13":9,"14":0},"b":{"0":[7,2]},"meta":{"lastBranch":1,"lastFunction":15,"lastStatement":29,"seen":{"s:23:13:23:Infinity":0,"f:29:16:29:37":0,"s:30:40:30:Infinity":1,"s:32:8:54:Infinity":2,"f:32:39:32:Infinity":1,"s:37:15:37:Infinity":3,"s:38:39:44:Infinity":4,"s:46:4:46:Infinity":5,"f:46:21:46:22":2,"s:46:31:46:54":6,"b:49:4:53:Infinity:undefined:undefined:undefined:undefined":0,"s:49:4:53:Infinity":7,"s:50:6:52:Infinity":8,"f:50:17:50:23":3,"s:51:8:51:Infinity":9,"f:51:25:51:26":4,"s:51:35:51:66":10,"f:51:47:51:48":5,"s:51:54:51:65":11,"s:56:8:58:Infinity":12,"f:56:34:56:35":6,"s:57:4:57:Infinity":13,"s:60:8:62:Infinity":14,"f:60:32:60:33":7,"s:61:4:61:Infinity":15,"s:64:8:66:Infinity":16,"f:64:34:64:35":8,"s:65:4:65:Infinity":17,"s:68:8:70:Infinity":18,"f:68:31:68:32":9,"s:69:4:69:Infinity":19,"s:72:24:74:Infinity":20,"f:72:24:72:25":10,"s:73:4:73:Infinity":21,"f:73:21:73:22":11,"s:73:31:73:62":22,"f:73:43:73:44":12,"s:73:50:73:61":23,"s:76:59:83:Infinity":24,"f:76:77:76:78":13,"s:76:96:83:4":25,"f:81:15:81:21":14,"s:81:21:81:Infinity":26,"s:85:16:91:Infinity":27,"s:93:2:99:Infinity":28}}}
,"/Volumes/workplace/src/srp/web-frontend/src/hooks/useAuth.ts": {"path":"/Volumes/workplace/src/srp/web-frontend/src/hooks/useAuth.ts","statementMap":{"0":{"start":{"line":5,"column":8},"end":{"line":5,"column":null}},"1":{"start":{"line":7,"column":2},"end":{"line":9,"column":null}},"2":{"start":{"line":8,"column":4},"end":{"line":8,"column":null}},"3":{"start":{"line":11,"column":2},"end":{"line":11,"column":null}}},"fnMap":{"0":{"name":"useAuth","decl":{"start":{"line":4,"column":16},"end":{"line":4,"column":26}},"loc":{"start":{"line":4,"column":26},"end":{"line":12,"column":null}},"line":4}},"branchMap":{"0":{"loc":{"start":{"line":7,"column":2},"end":{"line":9,"column":null}},"type":"if","locations":[{"start":{"line":7,"column":2},"end":{"line":9,"column":null}},{"start":{},"end":{}}],"line":7}},"s":{"0":6,"1":6,"2":2,"3":4},"f":{"0":6},"b":{"0":[2,4]},"meta":{"lastBranch":1,"lastFunction":1,"lastStatement":4,"seen":{"f:4:16:4:26":0,"s:5:8:5:Infinity":0,"b:7:2:9:Infinity:undefined:undefined:undefined:undefined":0,"s:7:2:9:Infinity":1,"s:8:4:8:Infinity":2,"s:11:2:11:Infinity":3}}}
,"/Volumes/workplace/src/srp/web-frontend/src/hooks/useConnectionStatus.ts": {"path":"/Volumes/workplace/src/srp/web-frontend/src/hooks/useConnectionStatus.ts","statementMap":{"0":{"start":{"line":5,"column":30},"end":{"line":5,"column":null}},"1":{"start":{"line":7,"column":2},"end":{"line":19,"column":null}},"2":{"start":{"line":9,"column":4},"end":{"line":9,"column":null}},"3":{"start":{"line":12,"column":24},"end":{"line":14,"column":null}},"4":{"start":{"line":13,"column":6},"end":{"line":13,"column":null}},"5":{"start":{"line":16,"column":4},"end":{"line":18,"column":null}},"6":{"start":{"line":17,"column":6},"end":{"line":17,"column":null}},"7":{"start":{"line":21,"column":2},"end":{"line":21,"column":null}}},"fnMap":{"0":{"name":"useConnectionStatus","decl":{"start":{"line":4,"column":16},"end":{"line":4,"column":38}},"loc":{"start":{"line":4,"column":38},"end":{"line":22,"column":null}},"line":4},"1":{"name":"(anonymous_1)","decl":{"start":{"line":7,"column":12},"end":{"line":7,"column":18}},"loc":{"start":{"line":7,"column":18},"end":{"line":19,"column":5}},"line":7},"2":{"name":"(anonymous_2)","decl":{"start":{"line":12,"column":52},"end":{"line":12,"column":53}},"loc":{"start":{"line":12,"column":64},"end":{"line":14,"column":5}},"line":12},"3":{"name":"(anonymous_3)","decl":{"start":{"line":16,"column":11},"end":{"line":16,"column":17}},"loc":{"start":{"line":16,"column":17},"end":{"line":18,"column":null}},"line":16}},"branchMap":{},"s":{"0":8,"1":8,"2":6,"3":6,"4":2,"5":6,"6":6,"7":8},"f":{"0":8,"1":6,"2":2,"3":6},"b":{},"meta":{"lastBranch":0,"lastFunction":4,"lastStatement":8,"seen":{"f:4:16:4:38":0,"s:5:30:5:Infinity":0,"s:7:2:19:Infinity":1,"f:7:12:7:18":1,"s:9:4:9:Infinity":2,"s:12:24:14:Infinity":3,"f:12:52:12:53":2,"s:13:6:13:Infinity":4,"s:16:4:18:Infinity":5,"f:16:11:16:17":3,"s:17:6:17:Infinity":6,"s:21:2:21:Infinity":7}}}
,"/Volumes/workplace/src/srp/web-frontend/src/hooks/useNotification.ts": {"path":"/Volumes/workplace/src/srp/web-frontend/src/hooks/useNotification.ts","statementMap":{"0":{"start":{"line":5,"column":8},"end":{"line":5,"column":null}},"1":{"start":{"line":7,"column":2},"end":{"line":9,"column":null}},"2":{"start":{"line":8,"column":4},"end":{"line":8,"column":null}},"3":{"start":{"line":11,"column":2},"end":{"line":11,"column":null}}},"fnMap":{"0":{"name":"useNotification","decl":{"start":{"line":4,"column":16},"end":{"line":4,"column":34}},"loc":{"start":{"line":4,"column":34},"end":{"line":12,"column":null}},"line":4}},"branchMap":{"0":{"loc":{"start":{"line":7,"column":2},"end":{"line":9,"column":null}},"type":"if","locations":[{"start":{"line":7,"column":2},"end":{"line":9,"column":null}},{"start":{},"end":{}}],"line":7}},"s":{"0":2,"1":2,"2":2,"3":0},"f":{"0":2},"b":{"0":[2,0]},"meta":{"lastBranch":1,"lastFunction":1,"lastStatement":4,"seen":{"f:4:16:4:34":0,"s:5:8:5:Infinity":0,"b:7:2:9:Infinity:undefined:undefined:undefined:undefined":0,"s:7:2:9:Infinity":1,"s:8:4:8:Infinity":2,"s:11:2:11:Infinity":3}}}
,"/Volumes/workplace/src/srp/web-frontend/src/hooks/usePermissions.ts": {"path":"/Volumes/workplace/src/srp/web-frontend/src/hooks/usePermissions.ts","statementMap":{"0":{"start":{"line":5,"column":17},"end":{"line":5,"column":null}},"1":{"start":{"line":7,"column":20},"end":{"line":9,"column":null}},"2":{"start":{"line":8,"column":8},"end":{"line":8,"column":null}},"3":{"start":{"line":11,"column":22},"end":{"line":13,"column":null}},"4":{"start":{"line":12,"column":8},"end":{"line":12,"column":null}},"5":{"start":{"line":15,"column":20},"end":{"line":17,"column":null}},"6":{"start":{"line":16,"column":8},"end":{"line":16,"column":null}},"7":{"start":{"line":19,"column":22},"end":{"line":21,"column":null}},"8":{"start":{"line":20,"column":8},"end":{"line":20,"column":null}},"9":{"start":{"line":23,"column":23},"end":{"line":25,"column":null}},"10":{"start":{"line":24,"column":8},"end":{"line":24,"column":null}},"11":{"start":{"line":27,"column":28},"end":{"line":29,"column":null}},"12":{"start":{"line":28,"column":8},"end":{"line":28,"column":null}},"13":{"start":{"line":31,"column":4},"end":{"line":38,"column":null}}},"fnMap":{"0":{"name":"usePermissions","decl":{"start":{"line":4,"column":16},"end":{"line":4,"column":33}},"loc":{"start":{"line":4,"column":33},"end":{"line":39,"column":null}},"line":4},"1":{"name":"(anonymous_1)","decl":{"start":{"line":7,"column":20},"end":{"line":7,"column":21}},"loc":{"start":{"line":7,"column":49},"end":{"line":9,"column":null}},"line":7},"2":{"name":"(anonymous_2)","decl":{"start":{"line":11,"column":22},"end":{"line":11,"column":37}},"loc":{"start":{"line":11,"column":37},"end":{"line":13,"column":null}},"line":11},"3":{"name":"(anonymous_3)","decl":{"start":{"line":15,"column":20},"end":{"line":15,"column":35}},"loc":{"start":{"line":15,"column":35},"end":{"line":17,"column":null}},"line":15},"4":{"name":"(anonymous_4)","decl":{"start":{"line":19,"column":22},"end":{"line":19,"column":37}},"loc":{"start":{"line":19,"column":37},"end":{"line":21,"column":null}},"line":19},"5":{"name":"(anonymous_5)","decl":{"start":{"line":23,"column":23},"end":{"line":23,"column":38}},"loc":{"start":{"line":23,"column":38},"end":{"line":25,"column":null}},"line":23},"6":{"name":"(anonymous_6)","decl":{"start":{"line":27,"column":28},"end":{"line":27,"column":43}},"loc":{"start":{"line":27,"column":43},"end":{"line":29,"column":null}},"line":27}},"branchMap":{"0":{"loc":{"start":{"line":12,"column":15},"end":{"line":12,"column":null}},"type":"binary-expr","locations":[{"start":{"line":12,"column":15},"end":{"line":12,"column":49}},{"start":{"line":12,"column":49},"end":{"line":12,"column":null}}],"line":12},"1":{"loc":{"start":{"line":16,"column":15},"end":{"line":16,"column":null}},"type":"binary-expr","locations":[{"start":{"line":16,"column":15},"end":{"line":16,"column":49}},{"start":{"line":16,"column":49},"end":{"line":16,"column":null}}],"line":16},"2":{"loc":{"start":{"line":20,"column":15},"end":{"line":20,"column":null}},"type":"binary-expr","locations":[{"start":{"line":20,"column":15},"end":{"line":20,"column":49}},{"start":{"line":20,"column":49},"end":{"line":20,"column":null}}],"line":20}},"s":{"0":4,"1":4,"2":3,"3":4,"4":4,"5":4,"6":4,"7":4,"8":4,"9":4,"10":4,"11":4,"12":4,"13":4},"f":{"0":4,"1":3,"2":4,"3":4,"4":4,"5":4,"6":4},"b":{"0":[4,3],"1":[4,3],"2":[4,3]},"meta":{"lastBranch":3,"lastFunction":7,"lastStatement":14,"seen":{"f:4:16:4:33":0,"s:5:17:5:Infinity":0,"s:7:20:9:Infinity":1,"f:7:20:7:21":1,"s:8:8:8:Infinity":2,"s:11:22:13:Infinity":3,"f:11:22:11:37":2,"s:12:8:12:Infinity":4,"b:12:15:12:49:12:49:12:Infinity":0,"s:15:20:17:Infinity":5,"f:15:20:15:35":3,"s:16:8:16:Infinity":6,"b:16:15:16:49:16:49:16:Infinity":1,"s:19:22:21:Infinity":7,"f:19:22:19:37":4,"s:20:8:20:Infinity":8,"b:20:15:20:49:20:49:20:Infinity":2,"s:23:23:25:Infinity":9,"f:23:23:23:38":5,"s:24:8:24:Infinity":10,"s:27:28:29:Infinity":11,"f:27:28:27:43":6,"s:28:8:28:Infinity":12,"s:31:4:38:Infinity":13}}}
,"/Volumes/workplace/src/srp/web-frontend/src/services/api/api.client.ts": {"path":"/Volumes/workplace/src/srp/web-frontend/src/services/api/api.client.ts","statementMap":{"0":{"start":{"line":3,"column":21},"end":{"line":3,"column":null}},"1":{"start":{"line":7,"column":23},"end":{"line":7,"column":null}},"2":{"start":{"line":8,"column":37},"end":{"line":10,"column":null}},"3":{"start":{"line":12,"column":8},"end":{"line":14,"column":null}},"4":{"start":{"line":13,"column":12},"end":{"line":13,"column":null}},"5":{"start":{"line":16,"column":8},"end":{"line":16,"column":null}},"6":{"start":{"line":20,"column":25},"end":{"line":23,"column":null}},"7":{"start":{"line":25,"column":8},"end":{"line":36,"column":null}},"8":{"start":{"line":27,"column":12},"end":{"line":35,"column":null}},"9":{"start":{"line":28,"column":16},"end":{"line":28,"column":null}},"10":{"start":{"line":30,"column":16},"end":{"line":30,"column":null}},"11":{"start":{"line":33,"column":16},"end":{"line":33,"column":null}},"12":{"start":{"line":34,"column":16},"end":{"line":34,"column":null}},"13":{"start":{"line":38,"column":8},"end":{"line":41,"column":null}},"14":{"start":{"line":39,"column":26},"end":{"line":39,"column":null}},"15":{"start":{"line":39,"column":61},"end":{"line":39,"column":91}},"16":{"start":{"line":40,"column":12},"end":{"line":40,"column":null}},"17":{"start":{"line":43,"column":8},"end":{"line":43,"column":null}},"18":{"start":{"line":47,"column":25},"end":{"line":51,"column":null}},"19":{"start":{"line":53,"column":8},"end":{"line":61,"column":null}},"20":{"start":{"line":54,"column":12},"end":{"line":60,"column":null}},"21":{"start":{"line":55,"column":16},"end":{"line":55,"column":null}},"22":{"start":{"line":56,"column":16},"end":{"line":56,"column":null}},"23":{"start":{"line":58,"column":16},"end":{"line":58,"column":null}},"24":{"start":{"line":59,"column":16},"end":{"line":59,"column":null}},"25":{"start":{"line":63,"column":8},"end":{"line":66,"column":null}},"26":{"start":{"line":64,"column":26},"end":{"line":64,"column":null}},"27":{"start":{"line":64,"column":61},"end":{"line":64,"column":91}},"28":{"start":{"line":65,"column":12},"end":{"line":65,"column":null}},"29":{"start":{"line":68,"column":8},"end":{"line":68,"column":null}},"30":{"start":{"line":72,"column":25},"end":{"line":76,"column":null}},"31":{"start":{"line":78,"column":8},"end":{"line":86,"column":null}},"32":{"start":{"line":79,"column":12},"end":{"line":85,"column":null}},"33":{"start":{"line":80,"column":16},"end":{"line":80,"column":null}},"34":{"start":{"line":81,"column":16},"end":{"line":81,"column":null}},"35":{"start":{"line":83,"column":16},"end":{"line":83,"column":null}},"36":{"start":{"line":84,"column":16},"end":{"line":84,"column":null}},"37":{"start":{"line":88,"column":8},"end":{"line":91,"column":null}},"38":{"start":{"line":89,"column":26},"end":{"line":89,"column":null}},"39":{"start":{"line":89,"column":61},"end":{"line":89,"column":91}},"40":{"start":{"line":90,"column":12},"end":{"line":90,"column":null}},"41":{"start":{"line":93,"column":8},"end":{"line":93,"column":null}},"42":{"start":{"line":97,"column":25},"end":{"line":100,"column":null}},"43":{"start":{"line":102,"column":8},"end":{"line":110,"column":null}},"44":{"start":{"line":103,"column":12},"end":{"line":109,"column":null}},"45":{"start":{"line":104,"column":16},"end":{"line":104,"column":null}},"46":{"start":{"line":105,"column":16},"end":{"line":105,"column":null}},"47":{"start":{"line":107,"column":16},"end":{"line":107,"column":null}},"48":{"start":{"line":108,"column":16},"end":{"line":108,"column":null}},"49":{"start":{"line":112,"column":8},"end":{"line":115,"column":null}},"50":{"start":{"line":113,"column":26},"end":{"line":113,"column":null}},"51":{"start":{"line":113,"column":61},"end":{"line":113,"column":91}},"52":{"start":{"line":114,"column":12},"end":{"line":114,"column":null}},"53":{"start":{"line":118,"column":8},"end":{"line":120,"column":null}},"54":{"start":{"line":119,"column":12},"end":{"line":119,"column":null}},"55":{"start":{"line":122,"column":8},"end":{"line":122,"column":null}}},"fnMap":{"0":{"name":"(anonymous_0)","decl":{"start":{"line":6,"column":25},"end":{"line":6,"column":60}},"loc":{"start":{"line":6,"column":60},"end":{"line":17,"column":null}},"line":6},"1":{"name":"(anonymous_1)","decl":{"start":{"line":19,"column":17},"end":{"line":19,"column":24}},"loc":{"start":{"line":19,"column":54},"end":{"line":44,"column":null}},"line":19},"2":{"name":"(anonymous_2)","decl":{"start":{"line":39,"column":54},"end":{"line":39,"column":61}},"loc":{"start":{"line":39,"column":61},"end":{"line":39,"column":91}},"line":39},"3":{"name":"(anonymous_3)","decl":{"start":{"line":46,"column":17},"end":{"line":46,"column":25}},"loc":{"start":{"line":46,"column":70},"end":{"line":69,"column":null}},"line":46},"4":{"name":"(anonymous_4)","decl":{"start":{"line":64,"column":54},"end":{"line":64,"column":61}},"loc":{"start":{"line":64,"column":61},"end":{"line":64,"column":91}},"line":64},"5":{"name":"(anonymous_5)","decl":{"start":{"line":71,"column":17},"end":{"line":71,"column":24}},"loc":{"start":{"line":71,"column":69},"end":{"line":94,"column":null}},"line":71},"6":{"name":"(anonymous_6)","decl":{"start":{"line":89,"column":54},"end":{"line":89,"column":61}},"loc":{"start":{"line":89,"column":61},"end":{"line":89,"column":91}},"line":89},"7":{"name":"(anonymous_7)","decl":{"start":{"line":96,"column":17},"end":{"line":96,"column":27}},"loc":{"start":{"line":96,"column":57},"end":{"line":123,"column":null}},"line":96},"8":{"name":"(anonymous_8)","decl":{"start":{"line":113,"column":54},"end":{"line":113,"column":61}},"loc":{"start":{"line":113,"column":61},"end":{"line":113,"column":91}},"line":113}},"branchMap":{"0":{"loc":{"start":{"line":3,"column":21},"end":{"line":3,"column":null}},"type":"binary-expr","locations":[{"start":{"line":3,"column":21},"end":{"line":3,"column":58}},{"start":{"line":3,"column":58},"end":{"line":3,"column":null}}],"line":3},"1":{"loc":{"start":{"line":12,"column":8},"end":{"line":14,"column":null}},"type":"if","locations":[{"start":{"line":12,"column":8},"end":{"line":14,"column":null}},{"start":{},"end":{}}],"line":12},"2":{"loc":{"start":{"line":25,"column":8},"end":{"line":36,"column":null}},"type":"if","locations":[{"start":{"line":25,"column":8},"end":{"line":36,"column":null}},{"start":{},"end":{}}],"line":25},"3":{"loc":{"start":{"line":38,"column":8},"end":{"line":41,"column":null}},"type":"if","locations":[{"start":{"line":38,"column":8},"end":{"line":41,"column":null}},{"start":{},"end":{}}],"line":38},"4":{"loc":{"start":{"line":40,"column":28},"end":{"line":40,"column":61}},"type":"binary-expr","locations":[{"start":{"line":40,"column":28},"end":{"line":40,"column":45}},{"start":{"line":40,"column":45},"end":{"line":40,"column":61}}],"line":40},"5":{"loc":{"start":{"line":53,"column":8},"end":{"line":61,"column":null}},"type":"if","locations":[{"start":{"line":53,"column":8},"end":{"line":61,"column":null}},{"start":{},"end":{}}],"line":53},"6":{"loc":{"start":{"line":63,"column":8},"end":{"line":66,"column":null}},"type":"if","locations":[{"start":{"line":63,"column":8},"end":{"line":66,"column":null}},{"start":{},"end":{}}],"line":63},"7":{"loc":{"start":{"line":65,"column":28},"end":{"line":65,"column":61}},"type":"binary-expr","locations":[{"start":{"line":65,"column":28},"end":{"line":65,"column":45}},{"start":{"line":65,"column":45},"end":{"line":65,"column":61}}],"line":65},"8":{"loc":{"start":{"line":78,"column":8},"end":{"line":86,"column":null}},"type":"if","locations":[{"start":{"line":78,"column":8},"end":{"line":86,"column":null}},{"start":{},"end":{}}],"line":78},"9":{"loc":{"start":{"line":88,"column":8},"end":{"line":91,"column":null}},"type":"if","locations":[{"start":{"line":88,"column":8},"end":{"line":91,"column":null}},{"start":{},"end":{}}],"line":88},"10":{"loc":{"start":{"line":90,"column":28},"end":{"line":90,"column":61}},"type":"binary-expr","locations":[{"start":{"line":90,"column":28},"end":{"line":90,"column":45}},{"start":{"line":90,"column":45},"end":{"line":90,"column":61}}],"line":90},"11":{"loc":{"start":{"line":102,"column":8},"end":{"line":110,"column":null}},"type":"if","locations":[{"start":{"line":102,"column":8},"end":{"line":110,"column":null}},{"start":{},"end":{}}],"line":102},"12":{"loc":{"start":{"line":112,"column":8},"end":{"line":115,"column":null}},"type":"if","locations":[{"start":{"line":112,"column":8},"end":{"line":115,"column":null}},{"start":{},"end":{}}],"line":112},"13":{"loc":{"start":{"line":114,"column":28},"end":{"line":114,"column":61}},"type":"binary-expr","locations":[{"start":{"line":114,"column":28},"end":{"line":114,"column":45}},{"start":{"line":114,"column":45},"end":{"line":114,"column":61}}],"line":114},"14":{"loc":{"start":{"line":118,"column":8},"end":{"line":120,"column":null}},"type":"if","locations":[{"start":{"line":118,"column":8},"end":{"line":120,"column":null}},{"start":{},"end":{}}],"line":118}},"s":{"0":2,"1":19,"2":19,"3":19,"4":19,"5":19,"6":6,"7":6,"8":2,"9":2,"10":1,"11":1,"12":1,"13":4,"14":2,"15":1,"16":2,"17":2,"18":4,"19":4,"20":2,"21":2,"22":1,"23":1,"24":1,"25":2,"26":0,"27":0,"28":0,"29":2,"30":4,"31":4,"32":2,"33":2,"34":1,"35":1,"36":1,"37":2,"38":0,"39":0,"40":0,"41":2,"42":5,"43":5,"44":2,"45":2,"46":1,"47":1,"48":1,"49":3,"50":0,"51":0,"52":0,"53":3,"54":2,"55":1},"f":{"0":2,"1":2,"2":1,"3":2,"4":0,"5":2,"6":0,"7":2,"8":0},"b":{"0":[2,2],"1":[19,0],"2":[2,4],"3":[2,2],"4":[2,0],"5":[2,2],"6":[0,2],"7":[0,0],"8":[2,2],"9":[0,2],"10":[0,0],"11":[2,3],"12":[0,3],"13":[0,0],"14":[2,1]},"meta":{"lastBranch":15,"lastFunction":9,"lastStatement":56,"seen":{"s:3:21:3:Infinity":0,"b:3:21:3:58:3:58:3:Infinity":0,"f:6:25:6:60":0,"s:7:23:7:Infinity":1,"s:8:37:10:Infinity":2,"b:12:8:14:Infinity:undefined:undefined:undefined:undefined":1,"s:12:8:14:Infinity":3,"s:13:12:13:Infinity":4,"s:16:8:16:Infinity":5,"f:19:17:19:24":1,"s:20:25:23:Infinity":6,"b:25:8:36:Infinity:undefined:undefined:undefined:undefined":2,"s:25:8:36:Infinity":7,"s:27:12:35:Infinity":8,"s:28:16:28:Infinity":9,"s:30:16:30:Infinity":10,"s:33:16:33:Infinity":11,"s:34:16:34:Infinity":12,"b:38:8:41:Infinity:undefined:undefined:undefined:undefined":3,"s:38:8:41:Infinity":13,"s:39:26:39:Infinity":14,"f:39:54:39:61":2,"s:39:61:39:91":15,"s:40:12:40:Infinity":16,"b:40:28:40:45:40:45:40:61":4,"s:43:8:43:Infinity":17,"f:46:17:46:25":3,"s:47:25:51:Infinity":18,"b:53:8:61:Infinity:undefined:undefined:undefined:undefined":5,"s:53:8:61:Infinity":19,"s:54:12:60:Infinity":20,"s:55:16:55:Infinity":21,"s:56:16:56:Infinity":22,"s:58:16:58:Infinity":23,"s:59:16:59:Infinity":24,"b:63:8:66:Infinity:undefined:undefined:undefined:undefined":6,"s:63:8:66:Infinity":25,"s:64:26:64:Infinity":26,"f:64:54:64:61":4,"s:64:61:64:91":27,"s:65:12:65:Infinity":28,"b:65:28:65:45:65:45:65:61":7,"s:68:8:68:Infinity":29,"f:71:17:71:24":5,"s:72:25:76:Infinity":30,"b:78:8:86:Infinity:undefined:undefined:undefined:undefined":8,"s:78:8:86:Infinity":31,"s:79:12:85:Infinity":32,"s:80:16:80:Infinity":33,"s:81:16:81:Infinity":34,"s:83:16:83:Infinity":35,"s:84:16:84:Infinity":36,"b:88:8:91:Infinity:undefined:undefined:undefined:undefined":9,"s:88:8:91:Infinity":37,"s:89:26:89:Infinity":38,"f:89:54:89:61":6,"s:89:61:89:91":39,"s:90:12:90:Infinity":40,"b:90:28:90:45:90:45:90:61":10,"s:93:8:93:Infinity":41,"f:96:17:96:27":7,"s:97:25:100:Infinity":42,"b:102:8:110:Infinity:undefined:undefined:undefined:undefined":11,"s:102:8:110:Infinity":43,"s:103:12:109:Infinity":44,"s:104:16:104:Infinity":45,"s:105:16:105:Infinity":46,"s:107:16:107:Infinity":47,"s:108:16:108:Infinity":48,"b:112:8:115:Infinity:undefined:undefined:undefined:undefined":12,"s:112:8:115:Infinity":49,"s:113:26:113:Infinity":50,"f:113:54:113:61":8,"s:113:61:113:91":51,"s:114:12:114:Infinity":52,"b:114:28:114:45:114:45:114:61":13,"b:118:8:120:Infinity:undefined:undefined:undefined:undefined":14,"s:118:8:120:Infinity":53,"s:119:12:119:Infinity":54,"s:122:8:122:Infinity":55}}}
,"/Volumes/workplace/src/srp/web-frontend/src/services/auth/auth.service.ts": {"path":"/Volumes/workplace/src/srp/web-frontend/src/services/auth/auth.service.ts","statementMap":{"0":{"start":{"line":3,"column":21},"end":{"line":3,"column":null}},"1":{"start":{"line":12,"column":40},"end":{"line":12,"column":null}},"2":{"start":{"line":13,"column":39},"end":{"line":13,"column":null}},"3":{"start":{"line":16,"column":25},"end":{"line":22,"column":null}},"4":{"start":{"line":24,"column":8},"end":{"line":27,"column":null}},"5":{"start":{"line":25,"column":26},"end":{"line":25,"column":null}},"6":{"start":{"line":25,"column":61},"end":{"line":25,"column":89}},"7":{"start":{"line":26,"column":12},"end":{"line":26,"column":null}},"8":{"start":{"line":29,"column":36},"end":{"line":29,"column":null}},"9":{"start":{"line":32,"column":8},"end":{"line":32,"column":null}},"10":{"start":{"line":33,"column":8},"end":{"line":33,"column":null}},"11":{"start":{"line":35,"column":8},"end":{"line":41,"column":null}},"12":{"start":{"line":45,"column":8},"end":{"line":45,"column":null}},"13":{"start":{"line":46,"column":8},"end":{"line":46,"column":null}},"14":{"start":{"line":50,"column":23},"end":{"line":50,"column":null}},"15":{"start":{"line":52,"column":8},"end":{"line":54,"column":null}},"16":{"start":{"line":53,"column":12},"end":{"line":53,"column":null}},"17":{"start":{"line":56,"column":25},"end":{"line":62,"column":null}},"18":{"start":{"line":64,"column":8},"end":{"line":67,"column":null}},"19":{"start":{"line":65,"column":12},"end":{"line":65,"column":null}},"20":{"start":{"line":66,"column":12},"end":{"line":66,"column":null}},"21":{"start":{"line":69,"column":21},"end":{"line":69,"column":null}},"22":{"start":{"line":71,"column":8},"end":{"line":71,"column":null}},"23":{"start":{"line":73,"column":8},"end":{"line":76,"column":null}},"24":{"start":{"line":80,"column":24},"end":{"line":80,"column":null}},"25":{"start":{"line":81,"column":8},"end":{"line":81,"column":null}},"26":{"start":{"line":81,"column":22},"end":{"line":81,"column":null}},"27":{"start":{"line":83,"column":8},"end":{"line":88,"column":null}},"28":{"start":{"line":84,"column":12},"end":{"line":84,"column":null}},"29":{"start":{"line":86,"column":12},"end":{"line":86,"column":null}},"30":{"start":{"line":87,"column":12},"end":{"line":87,"column":null}},"31":{"start":{"line":92,"column":26},"end":{"line":92,"column":null}},"32":{"start":{"line":93,"column":8},"end":{"line":93,"column":null}},"33":{"start":{"line":93,"column":24},"end":{"line":93,"column":null}},"34":{"start":{"line":95,"column":8},"end":{"line":100,"column":null}},"35":{"start":{"line":96,"column":12},"end":{"line":96,"column":null}},"36":{"start":{"line":98,"column":12},"end":{"line":98,"column":null}},"37":{"start":{"line":99,"column":12},"end":{"line":99,"column":null}},"38":{"start":{"line":104,"column":35},"end":{"line":104,"column":null}},"39":{"start":{"line":105,"column":8},"end":{"line":105,"column":null}},"40":{"start":{"line":109,"column":8},"end":{"line":109,"column":null}},"41":{"start":{"line":113,"column":8},"end":{"line":122,"column":null}},"42":{"start":{"line":114,"column":28},"end":{"line":114,"column":null}},"43":{"start":{"line":115,"column":12},"end":{"line":117,"column":null}},"44":{"start":{"line":116,"column":16},"end":{"line":116,"column":null}},"45":{"start":{"line":118,"column":24},"end":{"line":118,"column":null}},"46":{"start":{"line":119,"column":12},"end":{"line":119,"column":null}},"47":{"start":{"line":121,"column":12},"end":{"line":121,"column":null}}},"fnMap":{"0":{"name":"(anonymous_0)","decl":{"start":{"line":15,"column":17},"end":{"line":15,"column":23}},"loc":{"start":{"line":15,"column":99},"end":{"line":42,"column":null}},"line":15},"1":{"name":"(anonymous_1)","decl":{"start":{"line":25,"column":54},"end":{"line":25,"column":61}},"loc":{"start":{"line":25,"column":61},"end":{"line":25,"column":89}},"line":25},"2":{"name":"(anonymous_2)","decl":{"start":{"line":44,"column":11},"end":{"line":44,"column":26}},"loc":{"start":{"line":44,"column":26},"end":{"line":47,"column":null}},"line":44},"3":{"name":"(anonymous_3)","decl":{"start":{"line":49,"column":17},"end":{"line":49,"column":53}},"loc":{"start":{"line":49,"column":53},"end":{"line":77,"column":null}},"line":49},"4":{"name":"(anonymous_4)","decl":{"start":{"line":79,"column":11},"end":{"line":79,"column":41}},"loc":{"start":{"line":79,"column":41},"end":{"line":89,"column":null}},"line":79},"5":{"name":"(anonymous_5)","decl":{"start":{"line":91,"column":11},"end":{"line":91,"column":48}},"loc":{"start":{"line":91,"column":48},"end":{"line":101,"column":null}},"line":91},"6":{"name":"(anonymous_6)","decl":{"start":{"line":103,"column":19},"end":{"line":103,"column":31}},"loc":{"start":{"line":103,"column":80},"end":{"line":106,"column":null}},"line":103},"7":{"name":"(anonymous_7)","decl":{"start":{"line":108,"column":19},"end":{"line":108,"column":29}},"loc":{"start":{"line":108,"column":47},"end":{"line":110,"column":null}},"line":108},"8":{"name":"(anonymous_8)","decl":{"start":{"line":112,"column":11},"end":{"line":112,"column":26}},"loc":{"start":{"line":112,"column":50},"end":{"line":123,"column":null}},"line":112}},"branchMap":{"0":{"loc":{"start":{"line":3,"column":21},"end":{"line":3,"column":null}},"type":"binary-expr","locations":[{"start":{"line":3,"column":21},"end":{"line":3,"column":58}},{"start":{"line":3,"column":58},"end":{"line":3,"column":null}}],"line":3},"1":{"loc":{"start":{"line":24,"column":8},"end":{"line":27,"column":null}},"type":"if","locations":[{"start":{"line":24,"column":8},"end":{"line":27,"column":null}},{"start":{},"end":{}}],"line":24},"2":{"loc":{"start":{"line":26,"column":28},"end":{"line":26,"column":59}},"type":"binary-expr","locations":[{"start":{"line":26,"column":28},"end":{"line":26,"column":45}},{"start":{"line":26,"column":45},"end":{"line":26,"column":59}}],"line":26},"3":{"loc":{"start":{"line":52,"column":8},"end":{"line":54,"column":null}},"type":"if","locations":[{"start":{"line":52,"column":8},"end":{"line":54,"column":null}},{"start":{},"end":{}}],"line":52},"4":{"loc":{"start":{"line":64,"column":8},"end":{"line":67,"column":null}},"type":"if","locations":[{"start":{"line":64,"column":8},"end":{"line":67,"column":null}},{"start":{},"end":{}}],"line":64},"5":{"loc":{"start":{"line":81,"column":8},"end":{"line":81,"column":null}},"type":"if","locations":[{"start":{"line":81,"column":8},"end":{"line":81,"column":null}},{"start":{},"end":{}}],"line":81},"6":{"loc":{"start":{"line":93,"column":8},"end":{"line":93,"column":null}},"type":"if","locations":[{"start":{"line":93,"column":8},"end":{"line":93,"column":null}},{"start":{},"end":{}}],"line":93},"7":{"loc":{"start":{"line":115,"column":12},"end":{"line":117,"column":null}},"type":"if","locations":[{"start":{"line":115,"column":12},"end":{"line":117,"column":null}},{"start":{},"end":{}}],"line":115}},"s":{"0":6,"1":6,"2":6,"3":3,"4":2,"5":1,"6":0,"7":1,"8":1,"9":1,"10":1,"11":1,"12":2,"13":2,"14":3,"15":3,"16":1,"17":2,"18":2,"19":1,"20":1,"21":1,"22":1,"23":1,"24":3,"25":3,"26":1,"27":2,"28":2,"29":1,"30":1,"31":6,"32":6,"33":2,"34":4,"35":4,"36":1,"37":1,"38":2,"39":2,"40":1,"41":4,"42":4,"43":4,"44":1,"45":2,"46":2,"47":1},"f":{"0":6,"1":0,"2":6,"3":6,"4":6,"5":6,"6":6,"7":6,"8":6},"b":{"0":[6,6],"1":[1,1],"2":[1,0],"3":[1,2],"4":[1,1],"5":[1,2],"6":[2,4],"7":[1,3]},"meta":{"lastBranch":8,"lastFunction":9,"lastStatement":48,"seen":{"s:3:21:3:Infinity":0,"b:3:21:3:58:3:58:3:Infinity":0,"s:12:40:12:Infinity":1,"s:13:39:13:Infinity":2,"f:15:17:15:23":0,"s:16:25:22:Infinity":3,"b:24:8:27:Infinity:undefined:undefined:undefined:undefined":1,"s:24:8:27:Infinity":4,"s:25:26:25:Infinity":5,"f:25:54:25:61":1,"s:25:61:25:89":6,"s:26:12:26:Infinity":7,"b:26:28:26:45:26:45:26:59":2,"s:29:36:29:Infinity":8,"s:32:8:32:Infinity":9,"s:33:8:33:Infinity":10,"s:35:8:41:Infinity":11,"f:44:11:44:26":2,"s:45:8:45:Infinity":12,"s:46:8:46:Infinity":13,"f:49:17:49:53":3,"s:50:23:50:Infinity":14,"b:52:8:54:Infinity:undefined:undefined:undefined:undefined":3,"s:52:8:54:Infinity":15,"s:53:12:53:Infinity":16,"s:56:25:62:Infinity":17,"b:64:8:67:Infinity:undefined:undefined:undefined:undefined":4,"s:64:8:67:Infinity":18,"s:65:12:65:Infinity":19,"s:66:12:66:Infinity":20,"s:69:21:69:Infinity":21,"s:71:8:71:Infinity":22,"s:73:8:76:Infinity":23,"f:79:11:79:41":4,"s:80:24:80:Infinity":24,"b:81:8:81:Infinity:undefined:undefined:undefined:undefined":5,"s:81:8:81:Infinity":25,"s:81:22:81:Infinity":26,"s:83:8:88:Infinity":27,"s:84:12:84:Infinity":28,"s:86:12:86:Infinity":29,"s:87:12:87:Infinity":30,"f:91:11:91:48":5,"s:92:26:92:Infinity":31,"b:93:8:93:Infinity:undefined:undefined:undefined:undefined":6,"s:93:8:93:Infinity":32,"s:93:24:93:Infinity":33,"s:95:8:100:Infinity":34,"s:96:12:96:Infinity":35,"s:98:12:98:Infinity":36,"s:99:12:99:Infinity":37,"f:103:19:103:31":6,"s:104:35:104:Infinity":38,"s:105:8:105:Infinity":39,"f:108:19:108:29":7,"s:109:8:109:Infinity":40,"f:112:11:112:26":8,"s:113:8:122:Infinity":41,"s:114:28:114:Infinity":42,"b:115:12:117:Infinity:undefined:undefined:undefined:undefined":7,"s:115:12:117:Infinity":43,"s:116:16:116:Infinity":44,"s:118:24:118:Infinity":45,"s:119:12:119:Infinity":46,"s:121:12:121:Infinity":47}}}
,"/Volumes/workplace/src/srp/web-frontend/src/services/offline/connection-monitor.service.ts": {"path":"/Volumes/workplace/src/srp/web-frontend/src/services/offline/connection-monitor.service.ts","statementMap":{"0":{"start":{"line":6,"column":53},"end":{"line":6,"column":null}},"1":{"start":{"line":7,"column":35},"end":{"line":7,"column":null}},"2":{"start":{"line":38,"column":34},"end":{"line":51,"column":null}},"3":{"start":{"line":53,"column":35},"end":{"line":58,"column":null}},"4":{"start":{"line":10,"column":8},"end":{"line":10,"column":null}},"5":{"start":{"line":10,"column":32},"end":{"line":10,"column":null}},"6":{"start":{"line":12,"column":8},"end":{"line":12,"column":null}},"7":{"start":{"line":13,"column":8},"end":{"line":13,"column":null}},"8":{"start":{"line":15,"column":8},"end":{"line":15,"column":null}},"9":{"start":{"line":19,"column":8},"end":{"line":19,"column":null}},"10":{"start":{"line":20,"column":8},"end":{"line":20,"column":null}},"11":{"start":{"line":21,"column":8},"end":{"line":21,"column":null}},"12":{"start":{"line":22,"column":8},"end":{"line":22,"column":null}},"13":{"start":{"line":26,"column":8},"end":{"line":26,"column":null}},"14":{"start":{"line":30,"column":8},"end":{"line":30,"column":null}},"15":{"start":{"line":33,"column":8},"end":{"line":35,"column":null}},"16":{"start":{"line":34,"column":12},"end":{"line":34,"column":null}},"17":{"start":{"line":34,"column":58},"end":{"line":34,"column":72}},"18":{"start":{"line":39,"column":8},"end":{"line":39,"column":null}},"19":{"start":{"line":42,"column":8},"end":{"line":42,"column":null}},"20":{"start":{"line":42,"column":45},"end":{"line":42,"column":59}},"21":{"start":{"line":45,"column":8},"end":{"line":50,"column":null}},"22":{"start":{"line":46,"column":27},"end":{"line":46,"column":null}},"23":{"start":{"line":47,"column":12},"end":{"line":47,"column":null}},"24":{"start":{"line":49,"column":12},"end":{"line":49,"column":null}},"25":{"start":{"line":54,"column":8},"end":{"line":54,"column":null}},"26":{"start":{"line":57,"column":8},"end":{"line":57,"column":null}},"27":{"start":{"line":57,"column":45},"end":{"line":57,"column":60}}},"fnMap":{"0":{"name":"(anonymous_0)","decl":{"start":{"line":9,"column":11},"end":{"line":9,"column":30}},"loc":{"start":{"line":9,"column":30},"end":{"line":16,"column":null}},"line":9},"1":{"name":"(anonymous_1)","decl":{"start":{"line":18,"column":11},"end":{"line":18,"column":27}},"loc":{"start":{"line":18,"column":27},"end":{"line":23,"column":null}},"line":18},"2":{"name":"(anonymous_2)","decl":{"start":{"line":25,"column":11},"end":{"line":25,"column":31}},"loc":{"start":{"line":25,"column":31},"end":{"line":27,"column":null}},"line":25},"3":{"name":"(anonymous_3)","decl":{"start":{"line":29,"column":11},"end":{"line":29,"column":21}},"loc":{"start":{"line":29,"column":63},"end":{"line":36,"column":null}},"line":29},"4":{"name":"(anonymous_4)","decl":{"start":{"line":33,"column":15},"end":{"line":33,"column":21}},"loc":{"start":{"line":33,"column":21},"end":{"line":35,"column":null}},"line":33},"5":{"name":"(anonymous_5)","decl":{"start":{"line":34,"column":51},"end":{"line":34,"column":52}},"loc":{"start":{"line":34,"column":58},"end":{"line":34,"column":72}},"line":34},"6":{"name":"(anonymous_6)","decl":{"start":{"line":38,"column":34},"end":{"line":38,"column":46}},"loc":{"start":{"line":38,"column":46},"end":{"line":51,"column":null}},"line":38},"7":{"name":"(anonymous_7)","decl":{"start":{"line":42,"column":31},"end":{"line":42,"column":32}},"loc":{"start":{"line":42,"column":45},"end":{"line":42,"column":59}},"line":42},"8":{"name":"(anonymous_8)","decl":{"start":{"line":53,"column":35},"end":{"line":53,"column":41}},"loc":{"start":{"line":53,"column":41},"end":{"line":58,"column":null}},"line":53},"9":{"name":"(anonymous_9)","decl":{"start":{"line":57,"column":31},"end":{"line":57,"column":32}},"loc":{"start":{"line":57,"column":45},"end":{"line":57,"column":60}},"line":57}},"branchMap":{"0":{"loc":{"start":{"line":10,"column":8},"end":{"line":10,"column":null}},"type":"if","locations":[{"start":{"line":10,"column":8},"end":{"line":10,"column":null}},{"start":{},"end":{}}],"line":10}},"s":{"0":1,"1":1,"2":3,"3":3,"4":10,"5":1,"6":9,"7":9,"8":9,"9":22,"10":22,"11":22,"12":22,"13":1,"14":8,"15":8,"16":1,"17":1,"18":3,"19":3,"20":1,"21":3,"22":3,"23":2,"24":2,"25":3,"26":3,"27":3},"f":{"0":1,"1":1,"2":1,"3":1,"4":1,"5":1,"6":3,"7":1,"8":3,"9":3},"b":{"0":[1,9]},"meta":{"lastBranch":1,"lastFunction":10,"lastStatement":28,"seen":{"s:6:53:6:Infinity":0,"s:7:35:7:Infinity":1,"s:38:34:51:Infinity":2,"s:53:35:58:Infinity":3,"f:9:11:9:30":0,"b:10:8:10:Infinity:undefined:undefined:undefined:undefined":0,"s:10:8:10:Infinity":4,"s:10:32:10:Infinity":5,"s:12:8:12:Infinity":6,"s:13:8:13:Infinity":7,"s:15:8:15:Infinity":8,"f:18:11:18:27":1,"s:19:8:19:Infinity":9,"s:20:8:20:Infinity":10,"s:21:8:21:Infinity":11,"s:22:8:22:Infinity":12,"f:25:11:25:31":2,"s:26:8:26:Infinity":13,"f:29:11:29:21":3,"s:30:8:30:Infinity":14,"s:33:8:35:Infinity":15,"f:33:15:33:21":4,"s:34:12:34:Infinity":16,"f:34:51:34:52":5,"s:34:58:34:72":17,"f:38:34:38:46":6,"s:39:8:39:Infinity":18,"s:42:8:42:Infinity":19,"f:42:31:42:32":7,"s:42:45:42:59":20,"s:45:8:50:Infinity":21,"s:46:27:46:Infinity":22,"s:47:12:47:Infinity":23,"s:49:12:49:Infinity":24,"f:53:35:53:41":8,"s:54:8:54:Infinity":25,"s:57:8:57:Infinity":26,"f:57:31:57:32":9,"s:57:45:57:60":27}}}
,"/Volumes/workplace/src/srp/web-frontend/src/services/offline/offline-storage.service.ts": {"path":"/Volumes/workplace/src/srp/web-frontend/src/services/offline/offline-storage.service.ts","statementMap":{"0":{"start":{"line":22,"column":8},"end":{"line":22,"column":null}},"1":{"start":{"line":24,"column":8},"end":{"line":31,"column":null}},"2":{"start":{"line":35,"column":18},"end":{"line":35,"column":null}},"3":{"start":{"line":45,"column":8},"end":{"line":69,"column":null}},"4":{"start":{"line":46,"column":12},"end":{"line":49,"column":null}},"5":{"start":{"line":47,"column":16},"end":{"line":47,"column":null}},"6":{"start":{"line":48,"column":16},"end":{"line":48,"column":null}},"7":{"start":{"line":50,"column":12},"end":{"line":53,"column":null}},"8":{"start":{"line":51,"column":16},"end":{"line":51,"column":null}},"9":{"start":{"line":52,"column":16},"end":{"line":52,"column":null}},"10":{"start":{"line":54,"column":12},"end":{"line":57,"column":null}},"11":{"start":{"line":55,"column":16},"end":{"line":55,"column":null}},"12":{"start":{"line":56,"column":16},"end":{"line":56,"column":null}},"13":{"start":{"line":58,"column":12},"end":{"line":61,"column":null}},"14":{"start":{"line":59,"column":16},"end":{"line":59,"column":null}},"15":{"start":{"line":60,"column":16},"end":{"line":60,"column":null}},"16":{"start":{"line":62,"column":12},"end":{"line":65,"column":null}},"17":{"start":{"line":63,"column":16},"end":{"line":63,"column":null}},"18":{"start":{"line":64,"column":16},"end":{"line":64,"column":null}},"19":{"start":{"line":67,"column":12},"end":{"line":67,"column":null}},"20":{"start":{"line":68,"column":12},"end":{"line":68,"column":null}},"21":{"start":{"line":73,"column":8},"end":{"line":78,"column":null}},"22":{"start":{"line":74,"column":12},"end":{"line":74,"column":null}},"23":{"start":{"line":76,"column":12},"end":{"line":76,"column":null}},"24":{"start":{"line":77,"column":12},"end":{"line":77,"column":null}},"25":{"start":{"line":82,"column":8},"end":{"line":91,"column":null}},"26":{"start":{"line":83,"column":12},"end":{"line":83,"column":null}},"27":{"start":{"line":84,"column":12},"end":{"line":84,"column":null}},"28":{"start":{"line":85,"column":12},"end":{"line":85,"column":null}},"29":{"start":{"line":86,"column":12},"end":{"line":86,"column":null}},"30":{"start":{"line":87,"column":12},"end":{"line":87,"column":null}},"31":{"start":{"line":89,"column":12},"end":{"line":89,"column":null}},"32":{"start":{"line":90,"column":12},"end":{"line":90,"column":null}}},"fnMap":{"0":{"name":"(anonymous_0)","decl":{"start":{"line":21,"column":4},"end":{"line":21,"column":18}},"loc":{"start":{"line":21,"column":18},"end":{"line":32,"column":null}},"line":21},"1":{"name":"(anonymous_1)","decl":{"start":{"line":38,"column":17},"end":{"line":38,"column":32}},"loc":{"start":{"line":44,"column":22},"end":{"line":70,"column":null}},"line":44},"2":{"name":"(anonymous_2)","decl":{"start":{"line":72,"column":17},"end":{"line":72,"column":33}},"loc":{"start":{"line":72,"column":140},"end":{"line":79,"column":null}},"line":72},"3":{"name":"(anonymous_3)","decl":{"start":{"line":81,"column":17},"end":{"line":81,"column":45}},"loc":{"start":{"line":81,"column":45},"end":{"line":92,"column":null}},"line":81}},"branchMap":{"0":{"loc":{"start":{"line":46,"column":12},"end":{"line":49,"column":null}},"type":"if","locations":[{"start":{"line":46,"column":12},"end":{"line":49,"column":null}},{"start":{},"end":{}}],"line":46},"1":{"loc":{"start":{"line":50,"column":12},"end":{"line":53,"column":null}},"type":"if","locations":[{"start":{"line":50,"column":12},"end":{"line":53,"column":null}},{"start":{},"end":{}}],"line":50},"2":{"loc":{"start":{"line":54,"column":12},"end":{"line":57,"column":null}},"type":"if","locations":[{"start":{"line":54,"column":12},"end":{"line":57,"column":null}},{"start":{},"end":{}}],"line":54},"3":{"loc":{"start":{"line":58,"column":12},"end":{"line":61,"column":null}},"type":"if","locations":[{"start":{"line":58,"column":12},"end":{"line":61,"column":null}},{"start":{},"end":{}}],"line":58},"4":{"loc":{"start":{"line":62,"column":12},"end":{"line":65,"column":null}},"type":"if","locations":[{"start":{"line":62,"column":12},"end":{"line":65,"column":null}},{"start":{},"end":{}}],"line":62}},"s":{"0":3,"1":3,"2":3,"3":6,"4":6,"5":3,"6":3,"7":6,"8":1,"9":1,"10":6,"11":2,"12":2,"13":6,"14":1,"15":1,"16":6,"17":0,"18":0,"19":0,"20":0,"21":3,"22":3,"23":0,"24":0,"25":1,"26":1,"27":1,"28":1,"29":1,"30":1,"31":0,"32":0},"f":{"0":3,"1":3,"2":3,"3":3},"b":{"0":[3,3],"1":[1,5],"2":[2,4],"3":[1,5],"4":[0,6]},"meta":{"lastBranch":5,"lastFunction":4,"lastStatement":33,"seen":{"f:21:4:21:18":0,"s:22:8:22:Infinity":0,"s:24:8:31:Infinity":1,"s:35:18:35:Infinity":2,"f:38:17:38:32":1,"s:45:8:69:Infinity":3,"b:46:12:49:Infinity:undefined:undefined:undefined:undefined":0,"s:46:12:49:Infinity":4,"s:47:16:47:Infinity":5,"s:48:16:48:Infinity":6,"b:50:12:53:Infinity:undefined:undefined:undefined:undefined":1,"s:50:12:53:Infinity":7,"s:51:16:51:Infinity":8,"s:52:16:52:Infinity":9,"b:54:12:57:Infinity:undefined:undefined:undefined:undefined":2,"s:54:12:57:Infinity":10,"s:55:16:55:Infinity":11,"s:56:16:56:Infinity":12,"b:58:12:61:Infinity:undefined:undefined:undefined:undefined":3,"s:58:12:61:Infinity":13,"s:59:16:59:Infinity":14,"s:60:16:60:Infinity":15,"b:62:12:65:Infinity:undefined:undefined:undefined:undefined":4,"s:62:12:65:Infinity":16,"s:63:16:63:Infinity":17,"s:64:16:64:Infinity":18,"s:67:12:67:Infinity":19,"s:68:12:68:Infinity":20,"f:72:17:72:33":2,"s:73:8:78:Infinity":21,"s:74:12:74:Infinity":22,"s:76:12:76:Infinity":23,"s:77:12:77:Infinity":24,"f:81:17:81:45":3,"s:82:8:91:Infinity":25,"s:83:12:83:Infinity":26,"s:84:12:84:Infinity":27,"s:85:12:85:Infinity":28,"s:86:12:86:Infinity":29,"s:87:12:87:Infinity":30,"s:89:12:89:Infinity":31,"s:90:12:90:Infinity":32}}}
,"/Volumes/workplace/src/srp/web-frontend/src/services/offline/sync-queue.service.ts": {"path":"/Volumes/workplace/src/srp/web-frontend/src/services/offline/sync-queue.service.ts","statementMap":{"0":{"start":{"line":13,"column":20},"end":{"line":13,"column":null}},"1":{"start":{"line":14,"column":19},"end":{"line":14,"column":null}},"2":{"start":{"line":18,"column":8},"end":{"line":27,"column":null}},"3":{"start":{"line":19,"column":12},"end":{"line":23,"column":null}},"4":{"start":{"line":25,"column":12},"end":{"line":25,"column":null}},"5":{"start":{"line":26,"column":12},"end":{"line":26,"column":null}},"6":{"start":{"line":31,"column":27},"end":{"line":31,"column":null}},"7":{"start":{"line":32,"column":22},"end":{"line":32,"column":null}},"8":{"start":{"line":33,"column":21},"end":{"line":33,"column":null}},"9":{"start":{"line":35,"column":8},"end":{"line":56,"column":null}},"10":{"start":{"line":36,"column":12},"end":{"line":55,"column":null}},"11":{"start":{"line":37,"column":16},"end":{"line":37,"column":null}},"12":{"start":{"line":38,"column":16},"end":{"line":38,"column":null}},"13":{"start":{"line":39,"column":16},"end":{"line":39,"column":null}},"14":{"start":{"line":41,"column":16},"end":{"line":41,"column":null}},"15":{"start":{"line":44,"column":35},"end":{"line":44,"column":null}},"16":{"start":{"line":46,"column":16},"end":{"line":54,"column":null}},"17":{"start":{"line":48,"column":20},"end":{"line":48,"column":null}},"18":{"start":{"line":49,"column":20},"end":{"line":49,"column":null}},"19":{"start":{"line":52,"column":20},"end":{"line":52,"column":null}},"20":{"start":{"line":53,"column":20},"end":{"line":53,"column":null}},"21":{"start":{"line":58,"column":8},"end":{"line":58,"column":null}},"22":{"start":{"line":62,"column":8},"end":{"line":67,"column":null}},"23":{"start":{"line":63,"column":12},"end":{"line":63,"column":null}},"24":{"start":{"line":65,"column":12},"end":{"line":65,"column":null}},"25":{"start":{"line":66,"column":12},"end":{"line":66,"column":null}},"26":{"start":{"line":71,"column":8},"end":{"line":76,"column":null}},"27":{"start":{"line":72,"column":12},"end":{"line":72,"column":null}},"28":{"start":{"line":74,"column":12},"end":{"line":74,"column":null}},"29":{"start":{"line":75,"column":12},"end":{"line":75,"column":null}},"30":{"start":{"line":81,"column":8},"end":{"line":81,"column":null}},"31":{"start":{"line":85,"column":39},"end":{"line":85,"column":null}},"32":{"start":{"line":86,"column":25},"end":{"line":86,"column":null}},"33":{"start":{"line":88,"column":8},"end":{"line":98,"column":null}},"34":{"start":{"line":90,"column":16},"end":{"line":90,"column":null}},"35":{"start":{"line":91,"column":16},"end":{"line":91,"column":null}},"36":{"start":{"line":93,"column":16},"end":{"line":93,"column":null}},"37":{"start":{"line":94,"column":16},"end":{"line":94,"column":null}},"38":{"start":{"line":96,"column":16},"end":{"line":96,"column":null}},"39":{"start":{"line":97,"column":16},"end":{"line":97,"column":null}},"40":{"start":{"line":102,"column":29},"end":{"line":102,"column":null}},"41":{"start":{"line":103,"column":8},"end":{"line":103,"column":null}}},"fnMap":{"0":{"name":"(anonymous_0)","decl":{"start":{"line":17,"column":17},"end":{"line":17,"column":25}},"loc":{"start":{"line":17,"column":106},"end":{"line":28,"column":null}},"line":17},"1":{"name":"(anonymous_1)","decl":{"start":{"line":30,"column":17},"end":{"line":30,"column":78}},"loc":{"start":{"line":30,"column":78},"end":{"line":59,"column":null}},"line":30},"2":{"name":"(anonymous_2)","decl":{"start":{"line":61,"column":17},"end":{"line":61,"column":45}},"loc":{"start":{"line":61,"column":45},"end":{"line":68,"column":null}},"line":61},"3":{"name":"(anonymous_3)","decl":{"start":{"line":70,"column":17},"end":{"line":70,"column":51}},"loc":{"start":{"line":70,"column":51},"end":{"line":77,"column":null}},"line":70},"4":{"name":"(anonymous_4)","decl":{"start":{"line":79,"column":11},"end":{"line":79,"column":25}},"loc":{"start":{"line":79,"column":50},"end":{"line":82,"column":null}},"line":79},"5":{"name":"(anonymous_5)","decl":{"start":{"line":84,"column":25},"end":{"line":84,"column":42}},"loc":{"start":{"line":84,"column":85},"end":{"line":99,"column":null}},"line":84},"6":{"name":"(anonymous_6)","decl":{"start":{"line":101,"column":19},"end":{"line":101,"column":31}},"loc":{"start":{"line":101,"column":68},"end":{"line":104,"column":null}},"line":101}},"branchMap":{"0":{"loc":{"start":{"line":46,"column":16},"end":{"line":54,"column":null}},"type":"if","locations":[{"start":{"line":46,"column":16},"end":{"line":54,"column":null}},{"start":{"line":50,"column":23},"end":{"line":54,"column":null}}],"line":46},"1":{"loc":{"start":{"line":88,"column":8},"end":{"line":98,"column":null}},"type":"switch","locations":[{"start":{"line":89,"column":12},"end":{"line":91,"column":null}},{"start":{"line":92,"column":12},"end":{"line":94,"column":null}},{"start":{"line":95,"column":12},"end":{"line":97,"column":null}}],"line":88},"2":{"loc":{"start":{"line":103,"column":15},"end":{"line":103,"column":null}},"type":"cond-expr","locations":[{"start":{"line":103,"column":20},"end":{"line":103,"column":46}},{"start":{"line":103,"column":46},"end":{"line":103,"column":null}}],"line":103}},"s":{"0":1,"1":1,"2":13,"3":13,"4":0,"5":0,"6":7,"7":7,"8":7,"9":7,"10":9,"11":9,"12":6,"13":6,"14":3,"15":3,"16":3,"17":1,"18":1,"19":2,"20":2,"21":7,"22":1,"23":1,"24":0,"25":0,"26":2,"27":2,"28":0,"29":0,"30":5,"31":9,"32":9,"33":9,"34":6,"35":3,"36":2,"37":2,"38":1,"39":1,"40":9,"41":9},"f":{"0":1,"1":1,"2":1,"3":1,"4":1,"5":1,"6":1},"b":{"0":[1,2],"1":[6,2,1],"2":[3,6]},"meta":{"lastBranch":3,"lastFunction":7,"lastStatement":42,"seen":{"s:13:20:13:Infinity":0,"s:14:19:14:Infinity":1,"f:17:17:17:25":0,"s:18:8:27:Infinity":2,"s:19:12:23:Infinity":3,"s:25:12:25:Infinity":4,"s:26:12:26:Infinity":5,"f:30:17:30:78":1,"s:31:27:31:Infinity":6,"s:32:22:32:Infinity":7,"s:33:21:33:Infinity":8,"s:35:8:56:Infinity":9,"s:36:12:55:Infinity":10,"s:37:16:37:Infinity":11,"s:38:16:38:Infinity":12,"s:39:16:39:Infinity":13,"s:41:16:41:Infinity":14,"s:44:35:44:Infinity":15,"b:46:16:54:Infinity:50:23:54:Infinity":0,"s:46:16:54:Infinity":16,"s:48:20:48:Infinity":17,"s:49:20:49:Infinity":18,"s:52:20:52:Infinity":19,"s:53:20:53:Infinity":20,"s:58:8:58:Infinity":21,"f:61:17:61:45":2,"s:62:8:67:Infinity":22,"s:63:12:63:Infinity":23,"s:65:12:65:Infinity":24,"s:66:12:66:Infinity":25,"f:70:17:70:51":3,"s:71:8:76:Infinity":26,"s:72:12:72:Infinity":27,"s:74:12:74:Infinity":28,"s:75:12:75:Infinity":29,"f:79:11:79:25":4,"s:81:8:81:Infinity":30,"f:84:25:84:42":5,"s:85:39:85:Infinity":31,"s:86:25:86:Infinity":32,"b:89:12:91:Infinity:92:12:94:Infinity:95:12:97:Infinity":1,"s:88:8:98:Infinity":33,"s:90:16:90:Infinity":34,"s:91:16:91:Infinity":35,"s:93:16:93:Infinity":36,"s:94:16:94:Infinity":37,"s:96:16:96:Infinity":38,"s:97:16:97:Infinity":39,"f:101:19:101:31":6,"s:102:29:102:Infinity":40,"s:103:8:103:Infinity":41,"b:103:20:103:46:103:46:103:Infinity":2}}}
,"/Volumes/workplace/src/srp/web-frontend/src/utils/error.utils.ts": {"path":"/Volumes/workplace/src/srp/web-frontend/src/utils/error.utils.ts","statementMap":{"0":{"start":{"line":12,"column":26},"end":{"line":12,"column":null}},"1":{"start":{"line":13,"column":22},"end":{"line":13,"column":null}},"2":{"start":{"line":14,"column":22},"end":{"line":14,"column":null}},"3":{"start":{"line":15,"column":38},"end":{"line":15,"column":null}},"4":{"start":{"line":17,"column":8},"end":{"line":27,"column":null}},"5":{"start":{"line":18,"column":12},"end":{"line":18,"column":null}},"6":{"start":{"line":19,"column":12},"end":{"line":19,"column":null}},"7":{"start":{"line":22,"column":12},"end":{"line":24,"column":null}},"8":{"start":{"line":23,"column":16},"end":{"line":23,"column":null}},"9":{"start":{"line":25,"column":8},"end":{"line":27,"column":null}},"10":{"start":{"line":26,"column":12},"end":{"line":26,"column":null}},"11":{"start":{"line":30,"column":8},"end":{"line":35,"column":null}},"12":{"start":{"line":37,"column":8},"end":{"line":42,"column":null}},"13":{"start":{"line":46,"column":27},"end":{"line":51,"column":null}},"14":{"start":{"line":53,"column":8},"end":{"line":53,"column":null}},"15":{"start":{"line":55,"column":8},"end":{"line":57,"column":null}},"16":{"start":{"line":56,"column":12},"end":{"line":56,"column":null}},"17":{"start":{"line":61,"column":8},"end":{"line":80,"column":null}},"18":{"start":{"line":63,"column":12},"end":{"line":65,"column":null}},"19":{"start":{"line":64,"column":16},"end":{"line":64,"column":null}},"20":{"start":{"line":66,"column":12},"end":{"line":68,"column":null}},"21":{"start":{"line":67,"column":16},"end":{"line":67,"column":null}},"22":{"start":{"line":69,"column":12},"end":{"line":71,"column":null}},"23":{"start":{"line":70,"column":16},"end":{"line":70,"column":null}},"24":{"start":{"line":72,"column":12},"end":{"line":74,"column":null}},"25":{"start":{"line":73,"column":16},"end":{"line":73,"column":null}},"26":{"start":{"line":75,"column":12},"end":{"line":77,"column":null}},"27":{"start":{"line":76,"column":16},"end":{"line":76,"column":null}},"28":{"start":{"line":79,"column":12},"end":{"line":79,"column":null}},"29":{"start":{"line":82,"column":8},"end":{"line":82,"column":null}},"30":{"start":{"line":86,"column":33},"end":{"line":92,"column":null}},"31":{"start":{"line":94,"column":8},"end":{"line":96,"column":null}},"32":{"start":{"line":95,"column":12},"end":{"line":95,"column":null}}},"fnMap":{"0":{"name":"(anonymous_0)","decl":{"start":{"line":11,"column":11},"end":{"line":11,"column":23}},"loc":{"start":{"line":11,"column":68},"end":{"line":43,"column":null}},"line":11},"1":{"name":"(anonymous_1)","decl":{"start":{"line":45,"column":11},"end":{"line":45,"column":20}},"loc":{"start":{"line":45,"column":66},"end":{"line":58,"column":null}},"line":45},"2":{"name":"(anonymous_2)","decl":{"start":{"line":60,"column":11},"end":{"line":60,"column":34}},"loc":{"start":{"line":60,"column":58},"end":{"line":83,"column":null}},"line":60},"3":{"name":"(anonymous_3)","decl":{"start":{"line":85,"column":19},"end":{"line":85,"column":35}},"loc":{"start":{"line":85,"column":58},"end":{"line":97,"column":null}},"line":85},"4":{"name":"(anonymous_4)","decl":{"start":{"line":94,"column":37},"end":{"line":94,"column":38}},"loc":{"start":{"line":95,"column":12},"end":{"line":95,"column":null}},"line":95}},"branchMap":{"0":{"loc":{"start":{"line":17,"column":8},"end":{"line":27,"column":null}},"type":"if","locations":[{"start":{"line":17,"column":8},"end":{"line":27,"column":null}},{"start":{"line":25,"column":8},"end":{"line":27,"column":null}}],"line":17},"1":{"loc":{"start":{"line":19,"column":22},"end":{"line":19,"column":null}},"type":"binary-expr","locations":[{"start":{"line":19,"column":22},"end":{"line":19,"column":37}},{"start":{"line":19,"column":37},"end":{"line":19,"column":null}}],"line":19},"2":{"loc":{"start":{"line":22,"column":12},"end":{"line":24,"column":null}},"type":"if","locations":[{"start":{"line":22,"column":12},"end":{"line":24,"column":null}},{"start":{},"end":{}}],"line":22},"3":{"loc":{"start":{"line":25,"column":8},"end":{"line":27,"column":null}},"type":"if","locations":[{"start":{"line":25,"column":8},"end":{"line":27,"column":null}},{"start":{},"end":{}}],"line":25},"4":{"loc":{"start":{"line":48,"column":12},"end":{"line":48,"column":null}},"type":"cond-expr","locations":[{"start":{"line":48,"column":22},"end":{"line":48,"column":39}},{"start":{"line":48,"column":39},"end":{"line":48,"column":null}}],"line":48},"5":{"loc":{"start":{"line":55,"column":8},"end":{"line":57,"column":null}},"type":"if","locations":[{"start":{"line":55,"column":8},"end":{"line":57,"column":null}},{"start":{},"end":{}}],"line":55},"6":{"loc":{"start":{"line":61,"column":8},"end":{"line":80,"column":null}},"type":"if","locations":[{"start":{"line":61,"column":8},"end":{"line":80,"column":null}},{"start":{},"end":{}}],"line":61},"7":{"loc":{"start":{"line":63,"column":12},"end":{"line":65,"column":null}},"type":"if","locations":[{"start":{"line":63,"column":12},"end":{"line":65,"column":null}},{"start":{},"end":{}}],"line":63},"8":{"loc":{"start":{"line":63,"column":16},"end":{"line":63,"column":86}},"type":"binary-expr","locations":[{"start":{"line":63,"column":16},"end":{"line":63,"column":53}},{"start":{"line":63,"column":53},"end":{"line":63,"column":86}}],"line":63},"9":{"loc":{"start":{"line":66,"column":12},"end":{"line":68,"column":null}},"type":"if","locations":[{"start":{"line":66,"column":12},"end":{"line":68,"column":null}},{"start":{},"end":{}}],"line":66},"10":{"loc":{"start":{"line":66,"column":16},"end":{"line":66,"column":89}},"type":"binary-expr","locations":[{"start":{"line":66,"column":16},"end":{"line":66,"column":49}},{"start":{"line":66,"column":49},"end":{"line":66,"column":89}}],"line":66},"11":{"loc":{"start":{"line":69,"column":12},"end":{"line":71,"column":null}},"type":"if","locations":[{"start":{"line":69,"column":12},"end":{"line":71,"column":null}},{"start":{},"end":{}}],"line":69},"12":{"loc":{"start":{"line":69,"column":16},"end":{"line":69,"column":86}},"type":"binary-expr","locations":[{"start":{"line":69,"column":16},"end":{"line":69,"column":49}},{"start":{"line":69,"column":49},"end":{"line":69,"column":86}}],"line":69},"13":{"loc":{"start":{"line":72,"column":12},"end":{"line":74,"column":null}},"type":"if","locations":[{"start":{"line":72,"column":12},"end":{"line":74,"column":null}},{"start":{},"end":{}}],"line":72},"14":{"loc":{"start":{"line":72,"column":16},"end":{"line":72,"column":86}},"type":"binary-expr","locations":[{"start":{"line":72,"column":16},"end":{"line":72,"column":49}},{"start":{"line":72,"column":49},"end":{"line":72,"column":86}}],"line":72},"15":{"loc":{"start":{"line":75,"column":12},"end":{"line":77,"column":null}},"type":"if","locations":[{"start":{"line":75,"column":12},"end":{"line":77,"column":null}},{"start":{},"end":{}}],"line":75},"16":{"loc":{"start":{"line":75,"column":16},"end":{"line":75,"column":98}},"type":"binary-expr","locations":[{"start":{"line":75,"column":16},"end":{"line":75,"column":49}},{"start":{"line":75,"column":49},"end":{"line":75,"column":98}}],"line":75}},"s":{"0":6,"1":6,"2":6,"3":6,"4":6,"5":4,"6":4,"7":4,"8":2,"9":2,"10":1,"11":6,"12":6,"13":9,"14":9,"15":9,"16":5,"17":7,"18":6,"19":1,"20":5,"21":1,"22":4,"23":1,"24":3,"25":1,"26":2,"27":1,"28":1,"29":1,"30":4,"31":4,"32":14},"f":{"0":1,"1":1,"2":1,"3":1,"4":14},"b":{"0":[4,2],"1":[4,0],"2":[2,2],"3":[1,1],"4":[2,7],"5":[5,4],"6":[6,1],"7":[1,5],"8":[6,5],"9":[1,4],"10":[5,4],"11":[1,3],"12":[4,3],"13":[1,2],"14":[3,2],"15":[1,1],"16":[2,1]},"meta":{"lastBranch":17,"lastFunction":5,"lastStatement":33,"seen":{"f:11:11:11:23":0,"s:12:26:12:Infinity":0,"s:13:22:13:Infinity":1,"s:14:22:14:Infinity":2,"s:15:38:15:Infinity":3,"b:17:8:27:Infinity:25:8:27:Infinity":0,"s:17:8:27:Infinity":4,"s:18:12:18:Infinity":5,"s:19:12:19:Infinity":6,"b:19:22:19:37:19:37:19:Infinity":1,"b:22:12:24:Infinity:undefined:undefined:undefined:undefined":2,"s:22:12:24:Infinity":7,"s:23:16:23:Infinity":8,"b:25:8:27:Infinity:undefined:undefined:undefined:undefined":3,"s:25:8:27:Infinity":9,"s:26:12:26:Infinity":10,"s:30:8:35:Infinity":11,"s:37:8:42:Infinity":12,"f:45:11:45:20":1,"s:46:27:51:Infinity":13,"b:48:22:48:39:48:39:48:Infinity":4,"s:53:8:53:Infinity":14,"b:55:8:57:Infinity:undefined:undefined:undefined:undefined":5,"s:55:8:57:Infinity":15,"s:56:12:56:Infinity":16,"f:60:11:60:34":2,"b:61:8:80:Infinity:undefined:undefined:undefined:undefined":6,"s:61:8:80:Infinity":17,"b:63:12:65:Infinity:undefined:undefined:undefined:undefined":7,"s:63:12:65:Infinity":18,"b:63:16:63:53:63:53:63:86":8,"s:64:16:64:Infinity":19,"b:66:12:68:Infinity:undefined:undefined:undefined:undefined":9,"s:66:12:68:Infinity":20,"b:66:16:66:49:66:49:66:89":10,"s:67:16:67:Infinity":21,"b:69:12:71:Infinity:undefined:undefined:undefined:undefined":11,"s:69:12:71:Infinity":22,"b:69:16:69:49:69:49:69:86":12,"s:70:16:70:Infinity":23,"b:72:12:74:Infinity:undefined:undefined:undefined:undefined":13,"s:72:12:74:Infinity":24,"b:72:16:72:49:72:49:72:86":14,"s:73:16:73:Infinity":25,"b:75:12:77:Infinity:undefined:undefined:undefined:undefined":15,"s:75:12:77:Infinity":26,"b:75:16:75:49:75:49:75:98":16,"s:76:16:76:Infinity":27,"s:79:12:79:Infinity":28,"s:82:8:82:Infinity":29,"f:85:19:85:35":3,"s:86:33:92:Infinity":30,"s:94:8:96:Infinity":31,"f:94:37:94:38":4,"s:95:12:95:Infinity":32}}}
,"/Volumes/workplace/src/srp/web-frontend/src/utils/tree.utils.ts": {"path":"/Volumes/workplace/src/srp/web-frontend/src/utils/tree.utils.ts","statementMap":{"0":{"start":{"line":11,"column":20},"end":{"line":11,"column":null}},"1":{"start":{"line":12,"column":34},"end":{"line":12,"column":null}},"2":{"start":{"line":15,"column":4},"end":{"line":22,"column":null}},"3":{"start":{"line":16,"column":8},"end":{"line":21,"column":null}},"4":{"start":{"line":25,"column":4},"end":{"line":38,"column":null}},"5":{"start":{"line":26,"column":21},"end":{"line":26,"column":null}},"6":{"start":{"line":27,"column":8},"end":{"line":37,"column":null}},"7":{"start":{"line":28,"column":27},"end":{"line":28,"column":null}},"8":{"start":{"line":29,"column":12},"end":{"line":34,"column":null}},"9":{"start":{"line":30,"column":16},"end":{"line":30,"column":null}},"10":{"start":{"line":33,"column":16},"end":{"line":33,"column":null}},"11":{"start":{"line":36,"column":12},"end":{"line":36,"column":null}},"12":{"start":{"line":40,"column":4},"end":{"line":40,"column":null}},"13":{"start":{"line":44,"column":34},"end":{"line":44,"column":null}},"14":{"start":{"line":45,"column":21},"end":{"line":45,"column":null}},"15":{"start":{"line":45,"column":41},"end":{"line":45,"column":76}},"16":{"start":{"line":47,"column":4},"end":{"line":50,"column":null}},"17":{"start":{"line":48,"column":8},"end":{"line":48,"column":null}},"18":{"start":{"line":49,"column":8},"end":{"line":49,"column":null}},"19":{"start":{"line":52,"column":4},"end":{"line":52,"column":null}},"20":{"start":{"line":60,"column":4},"end":{"line":62,"column":null}},"21":{"start":{"line":61,"column":8},"end":{"line":61,"column":null}},"22":{"start":{"line":64,"column":24},"end":{"line":64,"column":null}},"23":{"start":{"line":65,"column":4},"end":{"line":65,"column":null}}},"fnMap":{"0":{"name":"buildGeographicAreaTree","decl":{"start":{"line":10,"column":16},"end":{"line":10,"column":40}},"loc":{"start":{"line":10,"column":77},"end":{"line":41,"column":null}},"line":10},"1":{"name":"(anonymous_1)","decl":{"start":{"line":15,"column":18},"end":{"line":15,"column":19}},"loc":{"start":{"line":15,"column":28},"end":{"line":22,"column":5}},"line":15},"2":{"name":"(anonymous_2)","decl":{"start":{"line":25,"column":18},"end":{"line":25,"column":19}},"loc":{"start":{"line":25,"column":28},"end":{"line":38,"column":5}},"line":25},"3":{"name":"findDescendants","decl":{"start":{"line":43,"column":16},"end":{"line":43,"column":32}},"loc":{"start":{"line":43,"column":83},"end":{"line":53,"column":null}},"line":43},"4":{"name":"(anonymous_4)","decl":{"start":{"line":45,"column":34},"end":{"line":45,"column":35}},"loc":{"start":{"line":45,"column":41},"end":{"line":45,"column":76}},"line":45},"5":{"name":"(anonymous_5)","decl":{"start":{"line":47,"column":21},"end":{"line":47,"column":22}},"loc":{"start":{"line":47,"column":32},"end":{"line":50,"column":5}},"line":47},"6":{"name":"isCircularRelationship","decl":{"start":{"line":55,"column":16},"end":{"line":55,"column":null}},"loc":{"start":{"line":59,"column":11},"end":{"line":66,"column":null}},"line":59}},"branchMap":{"0":{"loc":{"start":{"line":27,"column":8},"end":{"line":37,"column":null}},"type":"if","locations":[{"start":{"line":27,"column":8},"end":{"line":37,"column":null}},{"start":{"line":35,"column":15},"end":{"line":37,"column":null}}],"line":27},"1":{"loc":{"start":{"line":29,"column":12},"end":{"line":34,"column":null}},"type":"if","locations":[{"start":{"line":29,"column":12},"end":{"line":34,"column":null}},{"start":{"line":31,"column":19},"end":{"line":34,"column":null}}],"line":29},"2":{"loc":{"start":{"line":60,"column":4},"end":{"line":62,"column":null}},"type":"if","locations":[{"start":{"line":60,"column":4},"end":{"line":62,"column":null}},{"start":{},"end":{}}],"line":60}},"s":{"0":5,"1":5,"2":5,"3":11,"4":5,"5":11,"6":11,"7":7,"8":7,"9":6,"10":1,"11":4,"12":5,"13":17,"14":17,"15":67,"16":17,"17":9,"18":9,"19":17,"20":5,"21":1,"22":4,"23":4},"f":{"0":5,"1":11,"2":11,"3":17,"4":67,"5":9,"6":5},"b":{"0":[7,4],"1":[6,1],"2":[1,4]},"meta":{"lastBranch":3,"lastFunction":7,"lastStatement":24,"seen":{"f:10:16:10:40":0,"s:11:20:11:Infinity":0,"s:12:34:12:Infinity":1,"s:15:4:22:Infinity":2,"f:15:18:15:19":1,"s:16:8:21:Infinity":3,"s:25:4:38:Infinity":4,"f:25:18:25:19":2,"s:26:21:26:Infinity":5,"b:27:8:37:Infinity:35:15:37:Infinity":0,"s:27:8:37:Infinity":6,"s:28:27:28:Infinity":7,"b:29:12:34:Infinity:31:19:34:Infinity":1,"s:29:12:34:Infinity":8,"s:30:16:30:Infinity":9,"s:33:16:33:Infinity":10,"s:36:12:36:Infinity":11,"s:40:4:40:Infinity":12,"f:43:16:43:32":3,"s:44:34:44:Infinity":13,"s:45:21:45:Infinity":14,"f:45:34:45:35":4,"s:45:41:45:76":15,"s:47:4:50:Infinity":16,"f:47:21:47:22":5,"s:48:8:48:Infinity":17,"s:49:8:49:Infinity":18,"s:52:4:52:Infinity":19,"f:55:16:55:Infinity":6,"b:60:4:62:Infinity:undefined:undefined:undefined:undefined":2,"s:60:4:62:Infinity":20,"s:61:8:61:Infinity":21,"s:64:24:64:Infinity":22,"s:65:4:65:Infinity":23}}}
,"/Volumes/workplace/src/srp/web-frontend/src/utils/validation.utils.ts": {"path":"/Volumes/workplace/src/srp/web-frontend/src/utils/validation.utils.ts","statementMap":{"0":{"start":{"line":8,"column":24},"end":{"line":8,"column":null}},"1":{"start":{"line":9,"column":8},"end":{"line":14,"column":null}},"2":{"start":{"line":10,"column":12},"end":{"line":13,"column":null}},"3":{"start":{"line":15,"column":8},"end":{"line":15,"column":null}},"4":{"start":{"line":19,"column":24},"end":{"line":19,"column":null}},"5":{"start":{"line":20,"column":8},"end":{"line":25,"column":null}},"6":{"start":{"line":21,"column":12},"end":{"line":24,"column":null}},"7":{"start":{"line":27,"column":27},"end":{"line":27,"column":null}},"8":{"start":{"line":28,"column":8},"end":{"line":33,"column":null}},"9":{"start":{"line":29,"column":12},"end":{"line":32,"column":null}},"10":{"start":{"line":35,"column":8},"end":{"line":35,"column":null}},"11":{"start":{"line":44,"column":8},"end":{"line":46,"column":null}},"12":{"start":{"line":45,"column":12},"end":{"line":45,"column":null}},"13":{"start":{"line":48,"column":20},"end":{"line":48,"column":null}},"14":{"start":{"line":49,"column":8},"end":{"line":54,"column":null}},"15":{"start":{"line":50,"column":12},"end":{"line":53,"column":null}},"16":{"start":{"line":56,"column":8},"end":{"line":61,"column":null}},"17":{"start":{"line":57,"column":12},"end":{"line":60,"column":null}},"18":{"start":{"line":63,"column":8},"end":{"line":68,"column":null}},"19":{"start":{"line":64,"column":12},"end":{"line":67,"column":null}},"20":{"start":{"line":70,"column":8},"end":{"line":70,"column":null}},"21":{"start":{"line":74,"column":8},"end":{"line":82,"column":null}},"22":{"start":{"line":75,"column":12},"end":{"line":80,"column":null}},"23":{"start":{"line":76,"column":16},"end":{"line":79,"column":null}},"24":{"start":{"line":81,"column":12},"end":{"line":81,"column":null}},"25":{"start":{"line":84,"column":21},"end":{"line":84,"column":null}},"26":{"start":{"line":85,"column":8},"end":{"line":90,"column":null}},"27":{"start":{"line":86,"column":12},"end":{"line":89,"column":null}},"28":{"start":{"line":92,"column":8},"end":{"line":92,"column":null}},"29":{"start":{"line":101,"column":8},"end":{"line":103,"column":null}},"30":{"start":{"line":102,"column":12},"end":{"line":102,"column":null}},"31":{"start":{"line":105,"column":22},"end":{"line":105,"column":null}},"32":{"start":{"line":106,"column":20},"end":{"line":106,"column":null}},"33":{"start":{"line":108,"column":8},"end":{"line":113,"column":null}},"34":{"start":{"line":109,"column":12},"end":{"line":112,"column":null}},"35":{"start":{"line":115,"column":8},"end":{"line":115,"column":null}}},"fnMap":{"0":{"name":"(anonymous_0)","decl":{"start":{"line":7,"column":11},"end":{"line":7,"column":28}},"loc":{"start":{"line":7,"column":80},"end":{"line":16,"column":null}},"line":7},"1":{"name":"(anonymous_1)","decl":{"start":{"line":18,"column":11},"end":{"line":18,"column":25}},"loc":{"start":{"line":18,"column":58},"end":{"line":36,"column":null}},"line":18},"2":{"name":"(anonymous_2)","decl":{"start":{"line":38,"column":11},"end":{"line":38,"column":null}},"loc":{"start":{"line":43,"column":24},"end":{"line":71,"column":null}},"line":43},"3":{"name":"(anonymous_3)","decl":{"start":{"line":73,"column":11},"end":{"line":73,"column":24}},"loc":{"start":{"line":73,"column":93},"end":{"line":93,"column":null}},"line":73},"4":{"name":"(anonymous_4)","decl":{"start":{"line":95,"column":11},"end":{"line":95,"column":null}},"loc":{"start":{"line":100,"column":24},"end":{"line":116,"column":null}},"line":100}},"branchMap":{"0":{"loc":{"start":{"line":9,"column":8},"end":{"line":14,"column":null}},"type":"if","locations":[{"start":{"line":9,"column":8},"end":{"line":14,"column":null}},{"start":{},"end":{}}],"line":9},"1":{"loc":{"start":{"line":20,"column":8},"end":{"line":25,"column":null}},"type":"if","locations":[{"start":{"line":20,"column":8},"end":{"line":25,"column":null}},{"start":{},"end":{}}],"line":20},"2":{"loc":{"start":{"line":28,"column":8},"end":{"line":33,"column":null}},"type":"if","locations":[{"start":{"line":28,"column":8},"end":{"line":33,"column":null}},{"start":{},"end":{}}],"line":28},"3":{"loc":{"start":{"line":44,"column":8},"end":{"line":46,"column":null}},"type":"if","locations":[{"start":{"line":44,"column":8},"end":{"line":46,"column":null}},{"start":{},"end":{}}],"line":44},"4":{"loc":{"start":{"line":49,"column":8},"end":{"line":54,"column":null}},"type":"if","locations":[{"start":{"line":49,"column":8},"end":{"line":54,"column":null}},{"start":{},"end":{}}],"line":49},"5":{"loc":{"start":{"line":56,"column":8},"end":{"line":61,"column":null}},"type":"if","locations":[{"start":{"line":56,"column":8},"end":{"line":61,"column":null}},{"start":{},"end":{}}],"line":56},"6":{"loc":{"start":{"line":56,"column":12},"end":{"line":56,"column":44}},"type":"binary-expr","locations":[{"start":{"line":56,"column":12},"end":{"line":56,"column":33}},{"start":{"line":56,"column":33},"end":{"line":56,"column":44}}],"line":56},"7":{"loc":{"start":{"line":63,"column":8},"end":{"line":68,"column":null}},"type":"if","locations":[{"start":{"line":63,"column":8},"end":{"line":68,"column":null}},{"start":{},"end":{}}],"line":63},"8":{"loc":{"start":{"line":63,"column":12},"end":{"line":63,"column":44}},"type":"binary-expr","locations":[{"start":{"line":63,"column":12},"end":{"line":63,"column":33}},{"start":{"line":63,"column":33},"end":{"line":63,"column":44}}],"line":63},"9":{"loc":{"start":{"line":73,"column":58},"end":{"line":73,"column":93}},"type":"default-arg","locations":[{"start":{"line":73,"column":69},"end":{"line":73,"column":93}}],"line":73},"10":{"loc":{"start":{"line":74,"column":8},"end":{"line":82,"column":null}},"type":"if","locations":[{"start":{"line":74,"column":8},"end":{"line":82,"column":null}},{"start":{},"end":{}}],"line":74},"11":{"loc":{"start":{"line":75,"column":12},"end":{"line":80,"column":null}},"type":"if","locations":[{"start":{"line":75,"column":12},"end":{"line":80,"column":null}},{"start":{},"end":{}}],"line":75},"12":{"loc":{"start":{"line":85,"column":8},"end":{"line":90,"column":null}},"type":"if","locations":[{"start":{"line":85,"column":8},"end":{"line":90,"column":null}},{"start":{},"end":{}}],"line":85},"13":{"loc":{"start":{"line":98,"column":8},"end":{"line":98,"column":null}},"type":"default-arg","locations":[{"start":{"line":98,"column":25},"end":{"line":98,"column":null}}],"line":98},"14":{"loc":{"start":{"line":99,"column":8},"end":{"line":99,"column":null}},"type":"default-arg","locations":[{"start":{"line":99,"column":23},"end":{"line":99,"column":null}}],"line":99},"15":{"loc":{"start":{"line":101,"column":8},"end":{"line":103,"column":null}},"type":"if","locations":[{"start":{"line":101,"column":8},"end":{"line":103,"column":null}},{"start":{},"end":{}}],"line":101},"16":{"loc":{"start":{"line":101,"column":12},"end":{"line":101,"column":36}},"type":"binary-expr","locations":[{"start":{"line":101,"column":12},"end":{"line":101,"column":26}},{"start":{"line":101,"column":26},"end":{"line":101,"column":36}}],"line":101},"17":{"loc":{"start":{"line":108,"column":8},"end":{"line":113,"column":null}},"type":"if","locations":[{"start":{"line":108,"column":8},"end":{"line":113,"column":null}},{"start":{},"end":{}}],"line":108}},"s":{"0":4,"1":4,"2":2,"3":2,"4":6,"5":6,"6":1,"7":5,"8":5,"9":3,"10":2,"11":8,"12":1,"13":7,"14":7,"15":1,"16":6,"17":1,"18":5,"19":1,"20":4,"21":5,"22":2,"23":1,"24":1,"25":3,"26":3,"27":1,"28":2,"29":6,"30":2,"31":4,"32":4,"33":4,"34":2,"35":2},"f":{"0":1,"1":1,"2":1,"3":1,"4":1},"b":{"0":[2,2],"1":[1,5],"2":[3,2],"3":[1,7],"4":[1,6],"5":[1,5],"6":[6,3],"7":[1,4],"8":[5,3],"9":[5],"10":[2,3],"11":[1,1],"12":[1,2],"13":[6],"14":[6],"15":[2,4],"16":[6,5],"17":[2,2]},"meta":{"lastBranch":18,"lastFunction":5,"lastStatement":36,"seen":{"f:7:11:7:28":0,"s:8:24:8:Infinity":0,"b:9:8:14:Infinity:undefined:undefined:undefined:undefined":0,"s:9:8:14:Infinity":1,"s:10:12:13:Infinity":2,"s:15:8:15:Infinity":3,"f:18:11:18:25":1,"s:19:24:19:Infinity":4,"b:20:8:25:Infinity:undefined:undefined:undefined:undefined":1,"s:20:8:25:Infinity":5,"s:21:12:24:Infinity":6,"s:27:27:27:Infinity":7,"b:28:8:33:Infinity:undefined:undefined:undefined:undefined":2,"s:28:8:33:Infinity":8,"s:29:12:32:Infinity":9,"s:35:8:35:Infinity":10,"f:38:11:38:Infinity":2,"b:44:8:46:Infinity:undefined:undefined:undefined:undefined":3,"s:44:8:46:Infinity":11,"s:45:12:45:Infinity":12,"s:48:20:48:Infinity":13,"b:49:8:54:Infinity:undefined:undefined:undefined:undefined":4,"s:49:8:54:Infinity":14,"s:50:12:53:Infinity":15,"b:56:8:61:Infinity:undefined:undefined:undefined:undefined":5,"s:56:8:61:Infinity":16,"b:56:12:56:33:56:33:56:44":6,"s:57:12:60:Infinity":17,"b:63:8:68:Infinity:undefined:undefined:undefined:undefined":7,"s:63:8:68:Infinity":18,"b:63:12:63:33:63:33:63:44":8,"s:64:12:67:Infinity":19,"s:70:8:70:Infinity":20,"f:73:11:73:24":3,"b:73:69:73:93":9,"b:74:8:82:Infinity:undefined:undefined:undefined:undefined":10,"s:74:8:82:Infinity":21,"b:75:12:80:Infinity:undefined:undefined:undefined:undefined":11,"s:75:12:80:Infinity":22,"s:76:16:79:Infinity":23,"s:81:12:81:Infinity":24,"s:84:21:84:Infinity":25,"b:85:8:90:Infinity:undefined:undefined:undefined:undefined":12,"s:85:8:90:Infinity":26,"s:86:12:89:Infinity":27,"s:92:8:92:Infinity":28,"f:95:11:95:Infinity":4,"b:98:25:98:Infinity":13,"b:99:23:99:Infinity":14,"b:101:8:103:Infinity:undefined:undefined:undefined:undefined":15,"s:101:8:103:Infinity":29,"b:101:12:101:26:101:26:101:36":16,"s:102:12:102:Infinity":30,"s:105:22:105:Infinity":31,"s:106:20:106:Infinity":32,"b:108:8:113:Infinity:undefined:undefined:undefined:undefined":17,"s:108:8:113:Infinity":33,"s:109:12:112:Infinity":34,"s:115:8:115:Infinity":35}}}
}
